<?xml version="1.0" encoding="UTF-8"?>
<testng-results skipped="0" failed="0" ignored="14" total="122" passed="108">
  <reporter-output>
    <line>
      <![CDATA[Extent Report DirectoryC:\Users\russe\PNT\FinalBootCamp_Team4\BankOfAmerica\test-output\html]]>
    </line>
    <line>
      <![CDATA[Checking: enter Zip Code Input]]>
    </line>
    <line>
      <![CDATA[Checking: enter Zip Code Input]]>
    </line>
    <line>
      <![CDATA[TestChecking: test 6]]>
    </line>
    <line>
      <![CDATA[Checking: enter Zip Code Input]]>
    </line>
    <line>
      <![CDATA[Checking: enter Zip Code Input]]>
    </line>
    <line>
      <![CDATA[Checking: enter Zip Code Input]]>
    </line>
    <line>
      <![CDATA[Checking: enter Zip Code Input]]>
    </line>
    <line>
      <![CDATA[TestSignIn: test 11]]>
    </line>
    <line>
      <![CDATA[SignIn: enter Online ID]]>
    </line>
    <line>
      <![CDATA[TestSignIn: test 12]]>
    </line>
    <line>
      <![CDATA[SignIn: enter Online ID]]>
    </line>
    <line>
      <![CDATA[SignIn: enter Password]]>
    </line>
    <line>
      <![CDATA[SignIn: enter Online ID]]>
    </line>
    <line>
      <![CDATA[SignIn: enter Password]]>
    </line>
    <line>
      <![CDATA[SignIn: enter Online ID]]>
    </line>
    <line>
      <![CDATA[SignIn: enter Password]]>
    </line>
    <line>
      <![CDATA[SignIn: enter Online ID]]>
    </line>
    <line>
      <![CDATA[SignIn: enter Online ID]]>
    </line>
    <line>
      <![CDATA[SignIn: enter Password]]>
    </line>
    <line>
      <![CDATA[SignIn: enter Online ID]]>
    </line>
    <line>
      <![CDATA[SignIn: enter Password]]>
    </line>
    <line>
      <![CDATA[SignIn: enter Online ID]]>
    </line>
    <line>
      <![CDATA[SignIn: enter Password]]>
    </line>
  </reporter-output>
  <suite name="BankOfAmerica Automation Scipt" duration-ms="1206772" started-at="2021-11-26T22:43:26 EST" finished-at="2021-11-26T23:03:33 EST">
    <groups>
    </groups>
    <test name="smoke testing BankOfAmerica search" duration-ms="1206772" started-at="2021-11-26T22:43:26 EST" finished-at="2021-11-26T23:03:33 EST">
      <class name="testHomePage.TestBetterMoneyHabits">
        <test-method status="PASS" signature="setUp(boolean,java.lang.String,java.lang.String,java.lang.String,java.lang.String,java.lang.String,java.lang.String)[pri:0, instance:testHomePage.TestBetterMoneyHabits@1c3a4799]" name="setUp" is-config="true" duration-ms="3527" started-at="2021-11-26T23:01:48 EST" finished-at="2021-11-26T23:01:51 EST">
          <params>
            <param index="0">
              <value>
                <![CDATA[false]]>
              </value>
            </param>
            <param index="1">
              <value>
                <![CDATA[browserstack]]>
              </value>
            </param>
            <param index="2">
              <value>
                <![CDATA[Windows]]>
              </value>
            </param>
            <param index="3">
              <value>
                <![CDATA[10]]>
              </value>
            </param>
            <param index="4">
              <value>
                <![CDATA[chrome]]>
              </value>
            </param>
            <param index="5">
              <value>
                <![CDATA[34]]>
              </value>
            </param>
            <param index="6">
              <value>
                <![CDATA[https://www.BankOfAmerica.com]]>
              </value>
            </param>
          </params>
          <reporter-output>
          </reporter-output>
        </test-method> <!-- setUp -->
        <test-method status="PASS" signature="startExtent(java.lang.reflect.Method)[pri:0, instance:testHomePage.TestBetterMoneyHabits@1c3a4799]" name="startExtent" is-config="true" duration-ms="1" started-at="2021-11-26T23:01:51 EST" finished-at="2021-11-26T23:01:51 EST">
          <params>
            <param index="0">
              <value>
                <![CDATA[public void testHomePage.TestBetterMoneyHabits.test100() throws java.lang.InterruptedException]]>
              </value>
            </param>
          </params>
          <reporter-output>
          </reporter-output>
        </test-method> <!-- startExtent -->
        <test-method status="PASS" signature="test100()[pri:0, instance:testHomePage.TestBetterMoneyHabits@1c3a4799]" name="test100" duration-ms="9213" started-at="2021-11-26T23:01:51 EST" finished-at="2021-11-26T23:02:00 EST">
          <reporter-output>
          </reporter-output>
        </test-method> <!-- test100 -->
        <test-method status="PASS" signature="afterEachTestMethod(org.testng.ITestResult)[pri:0, instance:testHomePage.TestBetterMoneyHabits@1c3a4799]" name="afterEachTestMethod" is-config="true" duration-ms="1257" started-at="2021-11-26T23:02:00 EST" finished-at="2021-11-26T23:02:02 EST">
          <params>
            <param index="0">
              <value>
                <![CDATA[[TestResult name=test100 status=SUCCESS method=TestBetterMoneyHabits.test100()[pri:0, instance:testHomePage.TestBetterMoneyHabits@1c3a4799] output={null}]]]>
              </value>
            </param>
          </params>
          <reporter-output>
          </reporter-output>
        </test-method> <!-- afterEachTestMethod -->
        <test-method status="PASS" signature="afterMethod()[pri:0, instance:testHomePage.TestBetterMoneyHabits@1c3a4799]" name="afterMethod" is-config="true" duration-ms="0" started-at="2021-11-26T23:02:02 EST" finished-at="2021-11-26T23:02:02 EST">
          <reporter-output>
          </reporter-output>
        </test-method> <!-- afterMethod -->
        <test-method status="PASS" signature="setUp(boolean,java.lang.String,java.lang.String,java.lang.String,java.lang.String,java.lang.String,java.lang.String)[pri:0, instance:testHomePage.TestBetterMoneyHabits@1c3a4799]" name="setUp" is-config="true" duration-ms="3312" started-at="2021-11-26T23:02:02 EST" finished-at="2021-11-26T23:02:05 EST">
          <params>
            <param index="0">
              <value>
                <![CDATA[false]]>
              </value>
            </param>
            <param index="1">
              <value>
                <![CDATA[browserstack]]>
              </value>
            </param>
            <param index="2">
              <value>
                <![CDATA[Windows]]>
              </value>
            </param>
            <param index="3">
              <value>
                <![CDATA[10]]>
              </value>
            </param>
            <param index="4">
              <value>
                <![CDATA[chrome]]>
              </value>
            </param>
            <param index="5">
              <value>
                <![CDATA[34]]>
              </value>
            </param>
            <param index="6">
              <value>
                <![CDATA[https://www.BankOfAmerica.com]]>
              </value>
            </param>
          </params>
          <reporter-output>
          </reporter-output>
        </test-method> <!-- setUp -->
        <test-method status="PASS" signature="startExtent(java.lang.reflect.Method)[pri:0, instance:testHomePage.TestBetterMoneyHabits@1c3a4799]" name="startExtent" is-config="true" duration-ms="0" started-at="2021-11-26T23:02:05 EST" finished-at="2021-11-26T23:02:05 EST">
          <params>
            <param index="0">
              <value>
                <![CDATA[public void testHomePage.TestBetterMoneyHabits.test101() throws java.lang.InterruptedException]]>
              </value>
            </param>
          </params>
          <reporter-output>
          </reporter-output>
        </test-method> <!-- startExtent -->
        <test-method status="PASS" signature="test101()[pri:0, instance:testHomePage.TestBetterMoneyHabits@1c3a4799]" name="test101" duration-ms="9573" started-at="2021-11-26T23:02:05 EST" finished-at="2021-11-26T23:02:15 EST">
          <reporter-output>
          </reporter-output>
        </test-method> <!-- test101 -->
        <test-method status="PASS" signature="afterEachTestMethod(org.testng.ITestResult)[pri:0, instance:testHomePage.TestBetterMoneyHabits@1c3a4799]" name="afterEachTestMethod" is-config="true" duration-ms="1245" started-at="2021-11-26T23:02:15 EST" finished-at="2021-11-26T23:02:16 EST">
          <params>
            <param index="0">
              <value>
                <![CDATA[[TestResult name=test101 status=SUCCESS method=TestBetterMoneyHabits.test101()[pri:0, instance:testHomePage.TestBetterMoneyHabits@1c3a4799] output={null}]]]>
              </value>
            </param>
          </params>
          <reporter-output>
          </reporter-output>
        </test-method> <!-- afterEachTestMethod -->
        <test-method status="PASS" signature="afterMethod()[pri:0, instance:testHomePage.TestBetterMoneyHabits@1c3a4799]" name="afterMethod" is-config="true" duration-ms="0" started-at="2021-11-26T23:02:16 EST" finished-at="2021-11-26T23:02:16 EST">
          <reporter-output>
          </reporter-output>
        </test-method> <!-- afterMethod -->
        <test-method status="PASS" signature="setUp(boolean,java.lang.String,java.lang.String,java.lang.String,java.lang.String,java.lang.String,java.lang.String)[pri:0, instance:testHomePage.TestBetterMoneyHabits@1c3a4799]" name="setUp" is-config="true" duration-ms="3231" started-at="2021-11-26T23:02:16 EST" finished-at="2021-11-26T23:02:19 EST">
          <params>
            <param index="0">
              <value>
                <![CDATA[false]]>
              </value>
            </param>
            <param index="1">
              <value>
                <![CDATA[browserstack]]>
              </value>
            </param>
            <param index="2">
              <value>
                <![CDATA[Windows]]>
              </value>
            </param>
            <param index="3">
              <value>
                <![CDATA[10]]>
              </value>
            </param>
            <param index="4">
              <value>
                <![CDATA[chrome]]>
              </value>
            </param>
            <param index="5">
              <value>
                <![CDATA[34]]>
              </value>
            </param>
            <param index="6">
              <value>
                <![CDATA[https://www.BankOfAmerica.com]]>
              </value>
            </param>
          </params>
          <reporter-output>
          </reporter-output>
        </test-method> <!-- setUp -->
        <test-method status="PASS" signature="startExtent(java.lang.reflect.Method)[pri:0, instance:testHomePage.TestBetterMoneyHabits@1c3a4799]" name="startExtent" is-config="true" duration-ms="1" started-at="2021-11-26T23:02:19 EST" finished-at="2021-11-26T23:02:19 EST">
          <params>
            <param index="0">
              <value>
                <![CDATA[public void testHomePage.TestBetterMoneyHabits.test102() throws java.lang.InterruptedException]]>
              </value>
            </param>
          </params>
          <reporter-output>
          </reporter-output>
        </test-method> <!-- startExtent -->
        <test-method status="PASS" signature="test102()[pri:0, instance:testHomePage.TestBetterMoneyHabits@1c3a4799]" name="test102" duration-ms="10908" started-at="2021-11-26T23:02:19 EST" finished-at="2021-11-26T23:02:30 EST">
          <reporter-output>
          </reporter-output>
        </test-method> <!-- test102 -->
        <test-method status="PASS" signature="afterEachTestMethod(org.testng.ITestResult)[pri:0, instance:testHomePage.TestBetterMoneyHabits@1c3a4799]" name="afterEachTestMethod" is-config="true" duration-ms="1253" started-at="2021-11-26T23:02:30 EST" finished-at="2021-11-26T23:02:31 EST">
          <params>
            <param index="0">
              <value>
                <![CDATA[[TestResult name=test102 status=SUCCESS method=TestBetterMoneyHabits.test102()[pri:0, instance:testHomePage.TestBetterMoneyHabits@1c3a4799] output={null}]]]>
              </value>
            </param>
          </params>
          <reporter-output>
          </reporter-output>
        </test-method> <!-- afterEachTestMethod -->
        <test-method status="PASS" signature="afterMethod()[pri:0, instance:testHomePage.TestBetterMoneyHabits@1c3a4799]" name="afterMethod" is-config="true" duration-ms="1" started-at="2021-11-26T23:02:31 EST" finished-at="2021-11-26T23:02:31 EST">
          <reporter-output>
          </reporter-output>
        </test-method> <!-- afterMethod -->
        <test-method status="PASS" signature="setUp(boolean,java.lang.String,java.lang.String,java.lang.String,java.lang.String,java.lang.String,java.lang.String)[pri:0, instance:testHomePage.TestBetterMoneyHabits@1c3a4799]" name="setUp" is-config="true" duration-ms="3282" started-at="2021-11-26T23:02:31 EST" finished-at="2021-11-26T23:02:34 EST">
          <params>
            <param index="0">
              <value>
                <![CDATA[false]]>
              </value>
            </param>
            <param index="1">
              <value>
                <![CDATA[browserstack]]>
              </value>
            </param>
            <param index="2">
              <value>
                <![CDATA[Windows]]>
              </value>
            </param>
            <param index="3">
              <value>
                <![CDATA[10]]>
              </value>
            </param>
            <param index="4">
              <value>
                <![CDATA[chrome]]>
              </value>
            </param>
            <param index="5">
              <value>
                <![CDATA[34]]>
              </value>
            </param>
            <param index="6">
              <value>
                <![CDATA[https://www.BankOfAmerica.com]]>
              </value>
            </param>
          </params>
          <reporter-output>
          </reporter-output>
        </test-method> <!-- setUp -->
        <test-method status="PASS" signature="test107()[pri:0, instance:testHomePage.TestBetterMoneyHabits@1c3a4799]" name="test107" duration-ms="1" started-at="2021-11-26T23:02:34 EST" finished-at="2021-11-26T23:02:34 EST">
          <reporter-output>
          </reporter-output>
        </test-method> <!-- test107 -->
        <test-method status="PASS" signature="startExtent(java.lang.reflect.Method)[pri:0, instance:testHomePage.TestBetterMoneyHabits@1c3a4799]" name="startExtent" is-config="true" duration-ms="0" started-at="2021-11-26T23:02:34 EST" finished-at="2021-11-26T23:02:34 EST">
          <params>
            <param index="0">
              <value>
                <![CDATA[public void testHomePage.TestBetterMoneyHabits.test107() throws java.lang.InterruptedException]]>
              </value>
            </param>
          </params>
          <reporter-output>
          </reporter-output>
        </test-method> <!-- startExtent -->
        <test-method status="PASS" signature="afterEachTestMethod(org.testng.ITestResult)[pri:0, instance:testHomePage.TestBetterMoneyHabits@1c3a4799]" name="afterEachTestMethod" is-config="true" duration-ms="799" started-at="2021-11-26T23:02:34 EST" finished-at="2021-11-26T23:02:35 EST">
          <params>
            <param index="0">
              <value>
                <![CDATA[[TestResult name=test107 status=SUCCESS method=TestBetterMoneyHabits.test107()[pri:0, instance:testHomePage.TestBetterMoneyHabits@1c3a4799] output={null}]]]>
              </value>
            </param>
          </params>
          <reporter-output>
          </reporter-output>
        </test-method> <!-- afterEachTestMethod -->
        <test-method status="PASS" signature="afterMethod()[pri:0, instance:testHomePage.TestBetterMoneyHabits@1c3a4799]" name="afterMethod" is-config="true" duration-ms="1" started-at="2021-11-26T23:02:35 EST" finished-at="2021-11-26T23:02:35 EST">
          <reporter-output>
          </reporter-output>
        </test-method> <!-- afterMethod -->
        <test-method status="PASS" signature="setUp(boolean,java.lang.String,java.lang.String,java.lang.String,java.lang.String,java.lang.String,java.lang.String)[pri:0, instance:testHomePage.TestBetterMoneyHabits@1c3a4799]" name="setUp" is-config="true" duration-ms="3127" started-at="2021-11-26T23:02:35 EST" finished-at="2021-11-26T23:02:38 EST">
          <params>
            <param index="0">
              <value>
                <![CDATA[false]]>
              </value>
            </param>
            <param index="1">
              <value>
                <![CDATA[browserstack]]>
              </value>
            </param>
            <param index="2">
              <value>
                <![CDATA[Windows]]>
              </value>
            </param>
            <param index="3">
              <value>
                <![CDATA[10]]>
              </value>
            </param>
            <param index="4">
              <value>
                <![CDATA[chrome]]>
              </value>
            </param>
            <param index="5">
              <value>
                <![CDATA[34]]>
              </value>
            </param>
            <param index="6">
              <value>
                <![CDATA[https://www.BankOfAmerica.com]]>
              </value>
            </param>
          </params>
          <reporter-output>
          </reporter-output>
        </test-method> <!-- setUp -->
        <test-method status="PASS" signature="test96()[pri:0, instance:testHomePage.TestBetterMoneyHabits@1c3a4799]" name="test96" duration-ms="10659" started-at="2021-11-26T23:02:38 EST" finished-at="2021-11-26T23:02:49 EST">
          <reporter-output>
          </reporter-output>
        </test-method> <!-- test96 -->
        <test-method status="PASS" signature="startExtent(java.lang.reflect.Method)[pri:0, instance:testHomePage.TestBetterMoneyHabits@1c3a4799]" name="startExtent" is-config="true" duration-ms="0" started-at="2021-11-26T23:02:38 EST" finished-at="2021-11-26T23:02:38 EST">
          <params>
            <param index="0">
              <value>
                <![CDATA[public void testHomePage.TestBetterMoneyHabits.test96() throws java.lang.InterruptedException]]>
              </value>
            </param>
          </params>
          <reporter-output>
          </reporter-output>
        </test-method> <!-- startExtent -->
        <test-method status="PASS" signature="afterEachTestMethod(org.testng.ITestResult)[pri:0, instance:testHomePage.TestBetterMoneyHabits@1c3a4799]" name="afterEachTestMethod" is-config="true" duration-ms="1257" started-at="2021-11-26T23:02:49 EST" finished-at="2021-11-26T23:02:50 EST">
          <params>
            <param index="0">
              <value>
                <![CDATA[[TestResult name=test96 status=SUCCESS method=TestBetterMoneyHabits.test96()[pri:0, instance:testHomePage.TestBetterMoneyHabits@1c3a4799] output={null}]]]>
              </value>
            </param>
          </params>
          <reporter-output>
          </reporter-output>
        </test-method> <!-- afterEachTestMethod -->
        <test-method status="PASS" signature="afterMethod()[pri:0, instance:testHomePage.TestBetterMoneyHabits@1c3a4799]" name="afterMethod" is-config="true" duration-ms="0" started-at="2021-11-26T23:02:50 EST" finished-at="2021-11-26T23:02:50 EST">
          <reporter-output>
          </reporter-output>
        </test-method> <!-- afterMethod -->
        <test-method status="PASS" signature="setUp(boolean,java.lang.String,java.lang.String,java.lang.String,java.lang.String,java.lang.String,java.lang.String)[pri:0, instance:testHomePage.TestBetterMoneyHabits@1c3a4799]" name="setUp" is-config="true" duration-ms="3286" started-at="2021-11-26T23:02:50 EST" finished-at="2021-11-26T23:02:54 EST">
          <params>
            <param index="0">
              <value>
                <![CDATA[false]]>
              </value>
            </param>
            <param index="1">
              <value>
                <![CDATA[browserstack]]>
              </value>
            </param>
            <param index="2">
              <value>
                <![CDATA[Windows]]>
              </value>
            </param>
            <param index="3">
              <value>
                <![CDATA[10]]>
              </value>
            </param>
            <param index="4">
              <value>
                <![CDATA[chrome]]>
              </value>
            </param>
            <param index="5">
              <value>
                <![CDATA[34]]>
              </value>
            </param>
            <param index="6">
              <value>
                <![CDATA[https://www.BankOfAmerica.com]]>
              </value>
            </param>
          </params>
          <reporter-output>
          </reporter-output>
        </test-method> <!-- setUp -->
        <test-method status="PASS" signature="startExtent(java.lang.reflect.Method)[pri:0, instance:testHomePage.TestBetterMoneyHabits@1c3a4799]" name="startExtent" is-config="true" duration-ms="0" started-at="2021-11-26T23:02:54 EST" finished-at="2021-11-26T23:02:54 EST">
          <params>
            <param index="0">
              <value>
                <![CDATA[public void testHomePage.TestBetterMoneyHabits.test97() throws java.lang.InterruptedException]]>
              </value>
            </param>
          </params>
          <reporter-output>
          </reporter-output>
        </test-method> <!-- startExtent -->
        <test-method status="PASS" signature="test97()[pri:0, instance:testHomePage.TestBetterMoneyHabits@1c3a4799]" name="test97" duration-ms="9640" started-at="2021-11-26T23:02:54 EST" finished-at="2021-11-26T23:03:03 EST">
          <reporter-output>
          </reporter-output>
        </test-method> <!-- test97 -->
        <test-method status="PASS" signature="afterEachTestMethod(org.testng.ITestResult)[pri:0, instance:testHomePage.TestBetterMoneyHabits@1c3a4799]" name="afterEachTestMethod" is-config="true" duration-ms="1282" started-at="2021-11-26T23:03:03 EST" finished-at="2021-11-26T23:03:05 EST">
          <params>
            <param index="0">
              <value>
                <![CDATA[[TestResult name=test97 status=SUCCESS method=TestBetterMoneyHabits.test97()[pri:0, instance:testHomePage.TestBetterMoneyHabits@1c3a4799] output={null}]]]>
              </value>
            </param>
          </params>
          <reporter-output>
          </reporter-output>
        </test-method> <!-- afterEachTestMethod -->
        <test-method status="PASS" signature="afterMethod()[pri:0, instance:testHomePage.TestBetterMoneyHabits@1c3a4799]" name="afterMethod" is-config="true" duration-ms="0" started-at="2021-11-26T23:03:05 EST" finished-at="2021-11-26T23:03:05 EST">
          <reporter-output>
          </reporter-output>
        </test-method> <!-- afterMethod -->
        <test-method status="PASS" signature="setUp(boolean,java.lang.String,java.lang.String,java.lang.String,java.lang.String,java.lang.String,java.lang.String)[pri:0, instance:testHomePage.TestBetterMoneyHabits@1c3a4799]" name="setUp" is-config="true" duration-ms="3419" started-at="2021-11-26T23:03:05 EST" finished-at="2021-11-26T23:03:08 EST">
          <params>
            <param index="0">
              <value>
                <![CDATA[false]]>
              </value>
            </param>
            <param index="1">
              <value>
                <![CDATA[browserstack]]>
              </value>
            </param>
            <param index="2">
              <value>
                <![CDATA[Windows]]>
              </value>
            </param>
            <param index="3">
              <value>
                <![CDATA[10]]>
              </value>
            </param>
            <param index="4">
              <value>
                <![CDATA[chrome]]>
              </value>
            </param>
            <param index="5">
              <value>
                <![CDATA[34]]>
              </value>
            </param>
            <param index="6">
              <value>
                <![CDATA[https://www.BankOfAmerica.com]]>
              </value>
            </param>
          </params>
          <reporter-output>
          </reporter-output>
        </test-method> <!-- setUp -->
        <test-method status="PASS" signature="startExtent(java.lang.reflect.Method)[pri:0, instance:testHomePage.TestBetterMoneyHabits@1c3a4799]" name="startExtent" is-config="true" duration-ms="1" started-at="2021-11-26T23:03:08 EST" finished-at="2021-11-26T23:03:08 EST">
          <params>
            <param index="0">
              <value>
                <![CDATA[public void testHomePage.TestBetterMoneyHabits.test98() throws java.lang.InterruptedException]]>
              </value>
            </param>
          </params>
          <reporter-output>
          </reporter-output>
        </test-method> <!-- startExtent -->
        <test-method status="PASS" signature="test98()[pri:0, instance:testHomePage.TestBetterMoneyHabits@1c3a4799]" name="test98" duration-ms="9585" started-at="2021-11-26T23:03:08 EST" finished-at="2021-11-26T23:03:18 EST">
          <reporter-output>
          </reporter-output>
        </test-method> <!-- test98 -->
        <test-method status="PASS" signature="afterEachTestMethod(org.testng.ITestResult)[pri:0, instance:testHomePage.TestBetterMoneyHabits@1c3a4799]" name="afterEachTestMethod" is-config="true" duration-ms="1253" started-at="2021-11-26T23:03:18 EST" finished-at="2021-11-26T23:03:19 EST">
          <params>
            <param index="0">
              <value>
                <![CDATA[[TestResult name=test98 status=SUCCESS method=TestBetterMoneyHabits.test98()[pri:0, instance:testHomePage.TestBetterMoneyHabits@1c3a4799] output={null}]]]>
              </value>
            </param>
          </params>
          <reporter-output>
          </reporter-output>
        </test-method> <!-- afterEachTestMethod -->
        <test-method status="PASS" signature="afterMethod()[pri:0, instance:testHomePage.TestBetterMoneyHabits@1c3a4799]" name="afterMethod" is-config="true" duration-ms="1" started-at="2021-11-26T23:03:19 EST" finished-at="2021-11-26T23:03:19 EST">
          <reporter-output>
          </reporter-output>
        </test-method> <!-- afterMethod -->
        <test-method status="PASS" signature="setUp(boolean,java.lang.String,java.lang.String,java.lang.String,java.lang.String,java.lang.String,java.lang.String)[pri:0, instance:testHomePage.TestBetterMoneyHabits@1c3a4799]" name="setUp" is-config="true" duration-ms="3167" started-at="2021-11-26T23:03:19 EST" finished-at="2021-11-26T23:03:22 EST">
          <params>
            <param index="0">
              <value>
                <![CDATA[false]]>
              </value>
            </param>
            <param index="1">
              <value>
                <![CDATA[browserstack]]>
              </value>
            </param>
            <param index="2">
              <value>
                <![CDATA[Windows]]>
              </value>
            </param>
            <param index="3">
              <value>
                <![CDATA[10]]>
              </value>
            </param>
            <param index="4">
              <value>
                <![CDATA[chrome]]>
              </value>
            </param>
            <param index="5">
              <value>
                <![CDATA[34]]>
              </value>
            </param>
            <param index="6">
              <value>
                <![CDATA[https://www.BankOfAmerica.com]]>
              </value>
            </param>
          </params>
          <reporter-output>
          </reporter-output>
        </test-method> <!-- setUp -->
        <test-method status="PASS" signature="startExtent(java.lang.reflect.Method)[pri:0, instance:testHomePage.TestBetterMoneyHabits@1c3a4799]" name="startExtent" is-config="true" duration-ms="0" started-at="2021-11-26T23:03:22 EST" finished-at="2021-11-26T23:03:22 EST">
          <params>
            <param index="0">
              <value>
                <![CDATA[public void testHomePage.TestBetterMoneyHabits.test99() throws java.lang.InterruptedException]]>
              </value>
            </param>
          </params>
          <reporter-output>
          </reporter-output>
        </test-method> <!-- startExtent -->
        <test-method status="PASS" signature="test99()[pri:0, instance:testHomePage.TestBetterMoneyHabits@1c3a4799]" name="test99" duration-ms="9952" started-at="2021-11-26T23:03:22 EST" finished-at="2021-11-26T23:03:32 EST">
          <reporter-output>
          </reporter-output>
        </test-method> <!-- test99 -->
        <test-method status="PASS" signature="afterEachTestMethod(org.testng.ITestResult)[pri:0, instance:testHomePage.TestBetterMoneyHabits@1c3a4799]" name="afterEachTestMethod" is-config="true" duration-ms="837" started-at="2021-11-26T23:03:32 EST" finished-at="2021-11-26T23:03:33 EST">
          <params>
            <param index="0">
              <value>
                <![CDATA[[TestResult name=test99 status=SUCCESS method=TestBetterMoneyHabits.test99()[pri:0, instance:testHomePage.TestBetterMoneyHabits@1c3a4799] output={null}]]]>
              </value>
            </param>
          </params>
          <reporter-output>
          </reporter-output>
        </test-method> <!-- afterEachTestMethod -->
        <test-method status="PASS" signature="afterMethod()[pri:0, instance:testHomePage.TestBetterMoneyHabits@1c3a4799]" name="afterMethod" is-config="true" duration-ms="0" started-at="2021-11-26T23:03:33 EST" finished-at="2021-11-26T23:03:33 EST">
          <reporter-output>
          </reporter-output>
        </test-method> <!-- afterMethod -->
      </class> <!-- testHomePage.TestBetterMoneyHabits -->
      <class name="testHomePage.TestSignIn">
        <test-method status="PASS" signature="setUp(boolean,java.lang.String,java.lang.String,java.lang.String,java.lang.String,java.lang.String,java.lang.String)[pri:0, instance:testHomePage.TestSignIn@4f063c0a]" name="setUp" is-config="true" duration-ms="3222" started-at="2021-11-26T22:45:33 EST" finished-at="2021-11-26T22:45:36 EST">
          <params>
            <param index="0">
              <value>
                <![CDATA[false]]>
              </value>
            </param>
            <param index="1">
              <value>
                <![CDATA[browserstack]]>
              </value>
            </param>
            <param index="2">
              <value>
                <![CDATA[Windows]]>
              </value>
            </param>
            <param index="3">
              <value>
                <![CDATA[10]]>
              </value>
            </param>
            <param index="4">
              <value>
                <![CDATA[chrome]]>
              </value>
            </param>
            <param index="5">
              <value>
                <![CDATA[34]]>
              </value>
            </param>
            <param index="6">
              <value>
                <![CDATA[https://www.BankOfAmerica.com]]>
              </value>
            </param>
          </params>
          <reporter-output>
          </reporter-output>
        </test-method> <!-- setUp -->
        <test-method status="PASS" signature="test106()[pri:0, instance:testHomePage.TestSignIn@4f063c0a]" name="test106" duration-ms="5135" started-at="2021-11-26T22:45:36 EST" finished-at="2021-11-26T22:45:41 EST">
          <reporter-output>
          </reporter-output>
        </test-method> <!-- test106 -->
        <test-method status="PASS" signature="startExtent(java.lang.reflect.Method)[pri:0, instance:testHomePage.TestSignIn@4f063c0a]" name="startExtent" is-config="true" duration-ms="0" started-at="2021-11-26T22:45:36 EST" finished-at="2021-11-26T22:45:36 EST">
          <params>
            <param index="0">
              <value>
                <![CDATA[public void testHomePage.TestSignIn.test106() throws java.lang.InterruptedException]]>
              </value>
            </param>
          </params>
          <reporter-output>
          </reporter-output>
        </test-method> <!-- startExtent -->
        <test-method status="PASS" signature="afterEachTestMethod(org.testng.ITestResult)[pri:0, instance:testHomePage.TestSignIn@4f063c0a]" name="afterEachTestMethod" is-config="true" duration-ms="864" started-at="2021-11-26T22:45:41 EST" finished-at="2021-11-26T22:45:42 EST">
          <params>
            <param index="0">
              <value>
                <![CDATA[[TestResult name=test106 status=SUCCESS method=TestSignIn.test106()[pri:0, instance:testHomePage.TestSignIn@4f063c0a] output={null}]]]>
              </value>
            </param>
          </params>
          <reporter-output>
          </reporter-output>
        </test-method> <!-- afterEachTestMethod -->
        <test-method status="PASS" signature="afterMethod()[pri:0, instance:testHomePage.TestSignIn@4f063c0a]" name="afterMethod" is-config="true" duration-ms="1" started-at="2021-11-26T22:45:42 EST" finished-at="2021-11-26T22:45:42 EST">
          <reporter-output>
          </reporter-output>
        </test-method> <!-- afterMethod -->
        <test-method status="PASS" signature="setUp(boolean,java.lang.String,java.lang.String,java.lang.String,java.lang.String,java.lang.String,java.lang.String)[pri:0, instance:testHomePage.TestSignIn@4f063c0a]" name="setUp" is-config="true" duration-ms="2997" started-at="2021-11-26T22:45:42 EST" finished-at="2021-11-26T22:45:45 EST">
          <params>
            <param index="0">
              <value>
                <![CDATA[false]]>
              </value>
            </param>
            <param index="1">
              <value>
                <![CDATA[browserstack]]>
              </value>
            </param>
            <param index="2">
              <value>
                <![CDATA[Windows]]>
              </value>
            </param>
            <param index="3">
              <value>
                <![CDATA[10]]>
              </value>
            </param>
            <param index="4">
              <value>
                <![CDATA[chrome]]>
              </value>
            </param>
            <param index="5">
              <value>
                <![CDATA[34]]>
              </value>
            </param>
            <param index="6">
              <value>
                <![CDATA[https://www.BankOfAmerica.com]]>
              </value>
            </param>
          </params>
          <reporter-output>
          </reporter-output>
        </test-method> <!-- setUp -->
        <test-method status="PASS" signature="startExtent(java.lang.reflect.Method)[pri:0, instance:testHomePage.TestSignIn@4f063c0a]" name="startExtent" is-config="true" duration-ms="1" started-at="2021-11-26T22:45:45 EST" finished-at="2021-11-26T22:45:45 EST">
          <params>
            <param index="0">
              <value>
                <![CDATA[public void testHomePage.TestSignIn.test108() throws java.lang.InterruptedException]]>
              </value>
            </param>
          </params>
          <reporter-output>
          </reporter-output>
        </test-method> <!-- startExtent -->
        <test-method status="PASS" signature="test108()[pri:0, instance:testHomePage.TestSignIn@4f063c0a]" name="test108" duration-ms="6160" started-at="2021-11-26T22:45:45 EST" finished-at="2021-11-26T22:45:51 EST">
          <reporter-output>
          </reporter-output>
        </test-method> <!-- test108 -->
        <test-method status="PASS" signature="afterEachTestMethod(org.testng.ITestResult)[pri:0, instance:testHomePage.TestSignIn@4f063c0a]" name="afterEachTestMethod" is-config="true" duration-ms="934" started-at="2021-11-26T22:45:51 EST" finished-at="2021-11-26T22:45:52 EST">
          <params>
            <param index="0">
              <value>
                <![CDATA[[TestResult name=test108 status=SUCCESS method=TestSignIn.test108()[pri:0, instance:testHomePage.TestSignIn@4f063c0a] output={null}]]]>
              </value>
            </param>
          </params>
          <reporter-output>
          </reporter-output>
        </test-method> <!-- afterEachTestMethod -->
        <test-method status="PASS" signature="afterMethod()[pri:0, instance:testHomePage.TestSignIn@4f063c0a]" name="afterMethod" is-config="true" duration-ms="1" started-at="2021-11-26T22:45:52 EST" finished-at="2021-11-26T22:45:52 EST">
          <reporter-output>
          </reporter-output>
        </test-method> <!-- afterMethod -->
        <test-method status="PASS" signature="setUp(boolean,java.lang.String,java.lang.String,java.lang.String,java.lang.String,java.lang.String,java.lang.String)[pri:0, instance:testHomePage.TestSignIn@4f063c0a]" name="setUp" is-config="true" duration-ms="3334" started-at="2021-11-26T22:45:52 EST" finished-at="2021-11-26T22:45:55 EST">
          <params>
            <param index="0">
              <value>
                <![CDATA[false]]>
              </value>
            </param>
            <param index="1">
              <value>
                <![CDATA[browserstack]]>
              </value>
            </param>
            <param index="2">
              <value>
                <![CDATA[Windows]]>
              </value>
            </param>
            <param index="3">
              <value>
                <![CDATA[10]]>
              </value>
            </param>
            <param index="4">
              <value>
                <![CDATA[chrome]]>
              </value>
            </param>
            <param index="5">
              <value>
                <![CDATA[34]]>
              </value>
            </param>
            <param index="6">
              <value>
                <![CDATA[https://www.BankOfAmerica.com]]>
              </value>
            </param>
          </params>
          <reporter-output>
          </reporter-output>
        </test-method> <!-- setUp -->
        <test-method status="PASS" signature="startExtent(java.lang.reflect.Method)[pri:0, instance:testHomePage.TestSignIn@4f063c0a]" name="startExtent" is-config="true" duration-ms="1" started-at="2021-11-26T22:45:55 EST" finished-at="2021-11-26T22:45:55 EST">
          <params>
            <param index="0">
              <value>
                <![CDATA[public void testHomePage.TestSignIn.test11()]]>
              </value>
            </param>
          </params>
          <reporter-output>
          </reporter-output>
        </test-method> <!-- startExtent -->
        <test-method status="PASS" signature="test11()[pri:0, instance:testHomePage.TestSignIn@4f063c0a]" name="test11" duration-ms="3572" started-at="2021-11-26T22:45:55 EST" finished-at="2021-11-26T22:45:59 EST">
          <reporter-output>
            <line>
              <![CDATA[TestSignIn: test 11]]>
            </line>
            <line>
              <![CDATA[SignIn: enter Online ID]]>
            </line>
          </reporter-output>
        </test-method> <!-- test11 -->
        <test-method status="PASS" signature="afterEachTestMethod(org.testng.ITestResult)[pri:0, instance:testHomePage.TestSignIn@4f063c0a]" name="afterEachTestMethod" is-config="true" duration-ms="770" started-at="2021-11-26T22:45:59 EST" finished-at="2021-11-26T22:46:00 EST">
          <params>
            <param index="0">
              <value>
                <![CDATA[[TestResult name=test11 status=SUCCESS method=TestSignIn.test11()[pri:0, instance:testHomePage.TestSignIn@4f063c0a] output=TestSignIn: test 11]]]>
              </value>
            </param>
          </params>
          <reporter-output>
          </reporter-output>
        </test-method> <!-- afterEachTestMethod -->
        <test-method status="PASS" signature="afterMethod()[pri:0, instance:testHomePage.TestSignIn@4f063c0a]" name="afterMethod" is-config="true" duration-ms="1" started-at="2021-11-26T22:46:00 EST" finished-at="2021-11-26T22:46:00 EST">
          <reporter-output>
          </reporter-output>
        </test-method> <!-- afterMethod -->
        <test-method status="PASS" signature="setUp(boolean,java.lang.String,java.lang.String,java.lang.String,java.lang.String,java.lang.String,java.lang.String)[pri:0, instance:testHomePage.TestSignIn@4f063c0a]" name="setUp" is-config="true" duration-ms="3112" started-at="2021-11-26T22:46:00 EST" finished-at="2021-11-26T22:46:03 EST">
          <params>
            <param index="0">
              <value>
                <![CDATA[false]]>
              </value>
            </param>
            <param index="1">
              <value>
                <![CDATA[browserstack]]>
              </value>
            </param>
            <param index="2">
              <value>
                <![CDATA[Windows]]>
              </value>
            </param>
            <param index="3">
              <value>
                <![CDATA[10]]>
              </value>
            </param>
            <param index="4">
              <value>
                <![CDATA[chrome]]>
              </value>
            </param>
            <param index="5">
              <value>
                <![CDATA[34]]>
              </value>
            </param>
            <param index="6">
              <value>
                <![CDATA[https://www.BankOfAmerica.com]]>
              </value>
            </param>
          </params>
          <reporter-output>
          </reporter-output>
        </test-method> <!-- setUp -->
        <test-method status="PASS" signature="startExtent(java.lang.reflect.Method)[pri:0, instance:testHomePage.TestSignIn@4f063c0a]" name="startExtent" is-config="true" duration-ms="1" started-at="2021-11-26T22:46:03 EST" finished-at="2021-11-26T22:46:03 EST">
          <params>
            <param index="0">
              <value>
                <![CDATA[public void testHomePage.TestSignIn.test12()]]>
              </value>
            </param>
          </params>
          <reporter-output>
          </reporter-output>
        </test-method> <!-- startExtent -->
        <test-method status="PASS" signature="test12()[pri:0, instance:testHomePage.TestSignIn@4f063c0a]" name="test12" duration-ms="4102" started-at="2021-11-26T22:46:03 EST" finished-at="2021-11-26T22:46:07 EST">
          <reporter-output>
            <line>
              <![CDATA[TestSignIn: test 12]]>
            </line>
            <line>
              <![CDATA[SignIn: enter Online ID]]>
            </line>
            <line>
              <![CDATA[SignIn: enter Password]]>
            </line>
          </reporter-output>
        </test-method> <!-- test12 -->
        <test-method status="PASS" signature="afterEachTestMethod(org.testng.ITestResult)[pri:0, instance:testHomePage.TestSignIn@4f063c0a]" name="afterEachTestMethod" is-config="true" duration-ms="798" started-at="2021-11-26T22:46:07 EST" finished-at="2021-11-26T22:46:08 EST">
          <params>
            <param index="0">
              <value>
                <![CDATA[[TestResult name=test12 status=SUCCESS method=TestSignIn.test12()[pri:0, instance:testHomePage.TestSignIn@4f063c0a] output=TestSignIn: test 12]]]>
              </value>
            </param>
          </params>
          <reporter-output>
          </reporter-output>
        </test-method> <!-- afterEachTestMethod -->
        <test-method status="PASS" signature="afterMethod()[pri:0, instance:testHomePage.TestSignIn@4f063c0a]" name="afterMethod" is-config="true" duration-ms="1" started-at="2021-11-26T22:46:08 EST" finished-at="2021-11-26T22:46:08 EST">
          <reporter-output>
          </reporter-output>
        </test-method> <!-- afterMethod -->
        <test-method status="PASS" signature="setUp(boolean,java.lang.String,java.lang.String,java.lang.String,java.lang.String,java.lang.String,java.lang.String)[pri:0, instance:testHomePage.TestSignIn@4f063c0a]" name="setUp" is-config="true" duration-ms="3125" started-at="2021-11-26T22:46:08 EST" finished-at="2021-11-26T22:46:11 EST">
          <params>
            <param index="0">
              <value>
                <![CDATA[false]]>
              </value>
            </param>
            <param index="1">
              <value>
                <![CDATA[browserstack]]>
              </value>
            </param>
            <param index="2">
              <value>
                <![CDATA[Windows]]>
              </value>
            </param>
            <param index="3">
              <value>
                <![CDATA[10]]>
              </value>
            </param>
            <param index="4">
              <value>
                <![CDATA[chrome]]>
              </value>
            </param>
            <param index="5">
              <value>
                <![CDATA[34]]>
              </value>
            </param>
            <param index="6">
              <value>
                <![CDATA[https://www.BankOfAmerica.com]]>
              </value>
            </param>
          </params>
          <reporter-output>
          </reporter-output>
        </test-method> <!-- setUp -->
        <test-method status="PASS" signature="startExtent(java.lang.reflect.Method)[pri:0, instance:testHomePage.TestSignIn@4f063c0a]" name="startExtent" is-config="true" duration-ms="1" started-at="2021-11-26T22:46:11 EST" finished-at="2021-11-26T22:46:11 EST">
          <params>
            <param index="0">
              <value>
                <![CDATA[public void testHomePage.TestSignIn.test13() throws java.lang.InterruptedException]]>
              </value>
            </param>
          </params>
          <reporter-output>
          </reporter-output>
        </test-method> <!-- startExtent -->
        <test-method status="PASS" signature="test13()[pri:0, instance:testHomePage.TestSignIn@4f063c0a]" name="test13" duration-ms="4413" started-at="2021-11-26T22:46:11 EST" finished-at="2021-11-26T22:46:15 EST">
          <reporter-output>
            <line>
              <![CDATA[SignIn: enter Online ID]]>
            </line>
            <line>
              <![CDATA[SignIn: enter Password]]>
            </line>
          </reporter-output>
        </test-method> <!-- test13 -->
        <test-method status="PASS" signature="afterEachTestMethod(org.testng.ITestResult)[pri:0, instance:testHomePage.TestSignIn@4f063c0a]" name="afterEachTestMethod" is-config="true" duration-ms="784" started-at="2021-11-26T22:46:15 EST" finished-at="2021-11-26T22:46:16 EST">
          <params>
            <param index="0">
              <value>
                <![CDATA[[TestResult name=test13 status=SUCCESS method=TestSignIn.test13()[pri:0, instance:testHomePage.TestSignIn@4f063c0a] output=SignIn: enter Online ID]]]>
              </value>
            </param>
          </params>
          <reporter-output>
          </reporter-output>
        </test-method> <!-- afterEachTestMethod -->
        <test-method status="PASS" signature="afterMethod()[pri:0, instance:testHomePage.TestSignIn@4f063c0a]" name="afterMethod" is-config="true" duration-ms="1" started-at="2021-11-26T22:46:16 EST" finished-at="2021-11-26T22:46:16 EST">
          <reporter-output>
          </reporter-output>
        </test-method> <!-- afterMethod -->
        <test-method status="PASS" signature="setUp(boolean,java.lang.String,java.lang.String,java.lang.String,java.lang.String,java.lang.String,java.lang.String)[pri:0, instance:testHomePage.TestSignIn@4f063c0a]" name="setUp" is-config="true" duration-ms="3009" started-at="2021-11-26T22:46:16 EST" finished-at="2021-11-26T22:46:19 EST">
          <params>
            <param index="0">
              <value>
                <![CDATA[false]]>
              </value>
            </param>
            <param index="1">
              <value>
                <![CDATA[browserstack]]>
              </value>
            </param>
            <param index="2">
              <value>
                <![CDATA[Windows]]>
              </value>
            </param>
            <param index="3">
              <value>
                <![CDATA[10]]>
              </value>
            </param>
            <param index="4">
              <value>
                <![CDATA[chrome]]>
              </value>
            </param>
            <param index="5">
              <value>
                <![CDATA[34]]>
              </value>
            </param>
            <param index="6">
              <value>
                <![CDATA[https://www.BankOfAmerica.com]]>
              </value>
            </param>
          </params>
          <reporter-output>
          </reporter-output>
        </test-method> <!-- setUp -->
        <test-method status="PASS" signature="startExtent(java.lang.reflect.Method)[pri:0, instance:testHomePage.TestSignIn@4f063c0a]" name="startExtent" is-config="true" duration-ms="0" started-at="2021-11-26T22:46:19 EST" finished-at="2021-11-26T22:46:19 EST">
          <params>
            <param index="0">
              <value>
                <![CDATA[public void testHomePage.TestSignIn.test14() throws java.lang.InterruptedException]]>
              </value>
            </param>
          </params>
          <reporter-output>
          </reporter-output>
        </test-method> <!-- startExtent -->
        <test-method status="PASS" signature="test14()[pri:0, instance:testHomePage.TestSignIn@4f063c0a]" name="test14" duration-ms="4764" started-at="2021-11-26T22:46:19 EST" finished-at="2021-11-26T22:46:24 EST">
          <reporter-output>
            <line>
              <![CDATA[SignIn: enter Online ID]]>
            </line>
            <line>
              <![CDATA[SignIn: enter Password]]>
            </line>
          </reporter-output>
        </test-method> <!-- test14 -->
        <test-method status="PASS" signature="afterEachTestMethod(org.testng.ITestResult)[pri:0, instance:testHomePage.TestSignIn@4f063c0a]" name="afterEachTestMethod" is-config="true" duration-ms="830" started-at="2021-11-26T22:46:24 EST" finished-at="2021-11-26T22:46:25 EST">
          <params>
            <param index="0">
              <value>
                <![CDATA[[TestResult name=test14 status=SUCCESS method=TestSignIn.test14()[pri:0, instance:testHomePage.TestSignIn@4f063c0a] output=SignIn: enter Online ID]]]>
              </value>
            </param>
          </params>
          <reporter-output>
          </reporter-output>
        </test-method> <!-- afterEachTestMethod -->
        <test-method status="PASS" signature="afterMethod()[pri:0, instance:testHomePage.TestSignIn@4f063c0a]" name="afterMethod" is-config="true" duration-ms="1" started-at="2021-11-26T22:46:25 EST" finished-at="2021-11-26T22:46:25 EST">
          <reporter-output>
          </reporter-output>
        </test-method> <!-- afterMethod -->
        <test-method status="PASS" signature="setUp(boolean,java.lang.String,java.lang.String,java.lang.String,java.lang.String,java.lang.String,java.lang.String)[pri:0, instance:testHomePage.TestSignIn@4f063c0a]" name="setUp" is-config="true" duration-ms="3232" started-at="2021-11-26T22:46:25 EST" finished-at="2021-11-26T22:46:28 EST">
          <params>
            <param index="0">
              <value>
                <![CDATA[false]]>
              </value>
            </param>
            <param index="1">
              <value>
                <![CDATA[browserstack]]>
              </value>
            </param>
            <param index="2">
              <value>
                <![CDATA[Windows]]>
              </value>
            </param>
            <param index="3">
              <value>
                <![CDATA[10]]>
              </value>
            </param>
            <param index="4">
              <value>
                <![CDATA[chrome]]>
              </value>
            </param>
            <param index="5">
              <value>
                <![CDATA[34]]>
              </value>
            </param>
            <param index="6">
              <value>
                <![CDATA[https://www.BankOfAmerica.com]]>
              </value>
            </param>
          </params>
          <reporter-output>
          </reporter-output>
        </test-method> <!-- setUp -->
        <test-method status="PASS" signature="startExtent(java.lang.reflect.Method)[pri:0, instance:testHomePage.TestSignIn@4f063c0a]" name="startExtent" is-config="true" duration-ms="1" started-at="2021-11-26T22:46:28 EST" finished-at="2021-11-26T22:46:28 EST">
          <params>
            <param index="0">
              <value>
                <![CDATA[public void testHomePage.TestSignIn.test15() throws java.lang.InterruptedException]]>
              </value>
            </param>
          </params>
          <reporter-output>
          </reporter-output>
        </test-method> <!-- startExtent -->
        <test-method status="PASS" signature="test15()[pri:0, instance:testHomePage.TestSignIn@4f063c0a]" name="test15" duration-ms="5032" started-at="2021-11-26T22:46:28 EST" finished-at="2021-11-26T22:46:33 EST">
          <reporter-output>
            <line>
              <![CDATA[SignIn: enter Online ID]]>
            </line>
          </reporter-output>
        </test-method> <!-- test15 -->
        <test-method status="PASS" signature="afterEachTestMethod(org.testng.ITestResult)[pri:0, instance:testHomePage.TestSignIn@4f063c0a]" name="afterEachTestMethod" is-config="true" duration-ms="825" started-at="2021-11-26T22:46:33 EST" finished-at="2021-11-26T22:46:34 EST">
          <params>
            <param index="0">
              <value>
                <![CDATA[[TestResult name=test15 status=SUCCESS method=TestSignIn.test15()[pri:0, instance:testHomePage.TestSignIn@4f063c0a] output=SignIn: enter Online ID]]]>
              </value>
            </param>
          </params>
          <reporter-output>
          </reporter-output>
        </test-method> <!-- afterEachTestMethod -->
        <test-method status="PASS" signature="afterMethod()[pri:0, instance:testHomePage.TestSignIn@4f063c0a]" name="afterMethod" is-config="true" duration-ms="1" started-at="2021-11-26T22:46:34 EST" finished-at="2021-11-26T22:46:34 EST">
          <reporter-output>
          </reporter-output>
        </test-method> <!-- afterMethod -->
        <test-method status="PASS" signature="setUp(boolean,java.lang.String,java.lang.String,java.lang.String,java.lang.String,java.lang.String,java.lang.String)[pri:0, instance:testHomePage.TestSignIn@4f063c0a]" name="setUp" is-config="true" duration-ms="3291" started-at="2021-11-26T22:46:34 EST" finished-at="2021-11-26T22:46:37 EST">
          <params>
            <param index="0">
              <value>
                <![CDATA[false]]>
              </value>
            </param>
            <param index="1">
              <value>
                <![CDATA[browserstack]]>
              </value>
            </param>
            <param index="2">
              <value>
                <![CDATA[Windows]]>
              </value>
            </param>
            <param index="3">
              <value>
                <![CDATA[10]]>
              </value>
            </param>
            <param index="4">
              <value>
                <![CDATA[chrome]]>
              </value>
            </param>
            <param index="5">
              <value>
                <![CDATA[34]]>
              </value>
            </param>
            <param index="6">
              <value>
                <![CDATA[https://www.BankOfAmerica.com]]>
              </value>
            </param>
          </params>
          <reporter-output>
          </reporter-output>
        </test-method> <!-- setUp -->
        <test-method status="PASS" signature="test16()[pri:0, instance:testHomePage.TestSignIn@4f063c0a]" name="test16" duration-ms="3775" started-at="2021-11-26T22:46:37 EST" finished-at="2021-11-26T22:46:41 EST">
          <reporter-output>
            <line>
              <![CDATA[SignIn: enter Online ID]]>
            </line>
            <line>
              <![CDATA[SignIn: enter Password]]>
            </line>
          </reporter-output>
        </test-method> <!-- test16 -->
        <test-method status="PASS" signature="startExtent(java.lang.reflect.Method)[pri:0, instance:testHomePage.TestSignIn@4f063c0a]" name="startExtent" is-config="true" duration-ms="0" started-at="2021-11-26T22:46:37 EST" finished-at="2021-11-26T22:46:37 EST">
          <params>
            <param index="0">
              <value>
                <![CDATA[public void testHomePage.TestSignIn.test16() throws java.lang.InterruptedException]]>
              </value>
            </param>
          </params>
          <reporter-output>
          </reporter-output>
        </test-method> <!-- startExtent -->
        <test-method status="PASS" signature="afterEachTestMethod(org.testng.ITestResult)[pri:0, instance:testHomePage.TestSignIn@4f063c0a]" name="afterEachTestMethod" is-config="true" duration-ms="776" started-at="2021-11-26T22:46:41 EST" finished-at="2021-11-26T22:46:41 EST">
          <params>
            <param index="0">
              <value>
                <![CDATA[[TestResult name=test16 status=SUCCESS method=TestSignIn.test16()[pri:0, instance:testHomePage.TestSignIn@4f063c0a] output=SignIn: enter Online ID]]]>
              </value>
            </param>
          </params>
          <reporter-output>
          </reporter-output>
        </test-method> <!-- afterEachTestMethod -->
        <test-method status="PASS" signature="afterMethod()[pri:0, instance:testHomePage.TestSignIn@4f063c0a]" name="afterMethod" is-config="true" duration-ms="1" started-at="2021-11-26T22:46:41 EST" finished-at="2021-11-26T22:46:41 EST">
          <reporter-output>
          </reporter-output>
        </test-method> <!-- afterMethod -->
        <test-method status="PASS" signature="setUp(boolean,java.lang.String,java.lang.String,java.lang.String,java.lang.String,java.lang.String,java.lang.String)[pri:0, instance:testHomePage.TestSignIn@4f063c0a]" name="setUp" is-config="true" duration-ms="3079" started-at="2021-11-26T22:46:41 EST" finished-at="2021-11-26T22:46:45 EST">
          <params>
            <param index="0">
              <value>
                <![CDATA[false]]>
              </value>
            </param>
            <param index="1">
              <value>
                <![CDATA[browserstack]]>
              </value>
            </param>
            <param index="2">
              <value>
                <![CDATA[Windows]]>
              </value>
            </param>
            <param index="3">
              <value>
                <![CDATA[10]]>
              </value>
            </param>
            <param index="4">
              <value>
                <![CDATA[chrome]]>
              </value>
            </param>
            <param index="5">
              <value>
                <![CDATA[34]]>
              </value>
            </param>
            <param index="6">
              <value>
                <![CDATA[https://www.BankOfAmerica.com]]>
              </value>
            </param>
          </params>
          <reporter-output>
          </reporter-output>
        </test-method> <!-- setUp -->
        <test-method status="PASS" signature="startExtent(java.lang.reflect.Method)[pri:0, instance:testHomePage.TestSignIn@4f063c0a]" name="startExtent" is-config="true" duration-ms="1" started-at="2021-11-26T22:46:45 EST" finished-at="2021-11-26T22:46:45 EST">
          <params>
            <param index="0">
              <value>
                <![CDATA[public void testHomePage.TestSignIn.test17() throws java.lang.InterruptedException]]>
              </value>
            </param>
          </params>
          <reporter-output>
          </reporter-output>
        </test-method> <!-- startExtent -->
        <test-method status="PASS" signature="test17()[pri:0, instance:testHomePage.TestSignIn@4f063c0a]" name="test17" duration-ms="5032" started-at="2021-11-26T22:46:45 EST" finished-at="2021-11-26T22:46:50 EST">
          <reporter-output>
            <line>
              <![CDATA[SignIn: enter Online ID]]>
            </line>
            <line>
              <![CDATA[SignIn: enter Password]]>
            </line>
          </reporter-output>
        </test-method> <!-- test17 -->
        <test-method status="PASS" signature="afterEachTestMethod(org.testng.ITestResult)[pri:0, instance:testHomePage.TestSignIn@4f063c0a]" name="afterEachTestMethod" is-config="true" duration-ms="821" started-at="2021-11-26T22:46:50 EST" finished-at="2021-11-26T22:46:50 EST">
          <params>
            <param index="0">
              <value>
                <![CDATA[[TestResult name=test17 status=SUCCESS method=TestSignIn.test17()[pri:0, instance:testHomePage.TestSignIn@4f063c0a] output=SignIn: enter Online ID]]]>
              </value>
            </param>
          </params>
          <reporter-output>
          </reporter-output>
        </test-method> <!-- afterEachTestMethod -->
        <test-method status="PASS" signature="afterMethod()[pri:0, instance:testHomePage.TestSignIn@4f063c0a]" name="afterMethod" is-config="true" duration-ms="0" started-at="2021-11-26T22:46:50 EST" finished-at="2021-11-26T22:46:50 EST">
          <reporter-output>
          </reporter-output>
        </test-method> <!-- afterMethod -->
        <test-method status="PASS" signature="setUp(boolean,java.lang.String,java.lang.String,java.lang.String,java.lang.String,java.lang.String,java.lang.String)[pri:0, instance:testHomePage.TestSignIn@4f063c0a]" name="setUp" is-config="true" duration-ms="3257" started-at="2021-11-26T22:46:50 EST" finished-at="2021-11-26T22:46:54 EST">
          <params>
            <param index="0">
              <value>
                <![CDATA[false]]>
              </value>
            </param>
            <param index="1">
              <value>
                <![CDATA[browserstack]]>
              </value>
            </param>
            <param index="2">
              <value>
                <![CDATA[Windows]]>
              </value>
            </param>
            <param index="3">
              <value>
                <![CDATA[10]]>
              </value>
            </param>
            <param index="4">
              <value>
                <![CDATA[chrome]]>
              </value>
            </param>
            <param index="5">
              <value>
                <![CDATA[34]]>
              </value>
            </param>
            <param index="6">
              <value>
                <![CDATA[https://www.BankOfAmerica.com]]>
              </value>
            </param>
          </params>
          <reporter-output>
          </reporter-output>
        </test-method> <!-- setUp -->
        <test-method status="PASS" signature="startExtent(java.lang.reflect.Method)[pri:0, instance:testHomePage.TestSignIn@4f063c0a]" name="startExtent" is-config="true" duration-ms="1" started-at="2021-11-26T22:46:54 EST" finished-at="2021-11-26T22:46:54 EST">
          <params>
            <param index="0">
              <value>
                <![CDATA[public void testHomePage.TestSignIn.test18() throws java.lang.InterruptedException]]>
              </value>
            </param>
          </params>
          <reporter-output>
          </reporter-output>
        </test-method> <!-- startExtent -->
        <test-method status="PASS" signature="test18()[pri:0, instance:testHomePage.TestSignIn@4f063c0a]" name="test18" duration-ms="6132" started-at="2021-11-26T22:46:54 EST" finished-at="2021-11-26T22:47:00 EST">
          <reporter-output>
            <line>
              <![CDATA[SignIn: enter Online ID]]>
            </line>
            <line>
              <![CDATA[SignIn: enter Password]]>
            </line>
          </reporter-output>
        </test-method> <!-- test18 -->
        <test-method status="PASS" signature="afterEachTestMethod(org.testng.ITestResult)[pri:0, instance:testHomePage.TestSignIn@4f063c0a]" name="afterEachTestMethod" is-config="true" duration-ms="834" started-at="2021-11-26T22:47:00 EST" finished-at="2021-11-26T22:47:01 EST">
          <params>
            <param index="0">
              <value>
                <![CDATA[[TestResult name=test18 status=SUCCESS method=TestSignIn.test18()[pri:0, instance:testHomePage.TestSignIn@4f063c0a] output=SignIn: enter Online ID]]]>
              </value>
            </param>
          </params>
          <reporter-output>
          </reporter-output>
        </test-method> <!-- afterEachTestMethod -->
        <test-method status="PASS" signature="afterMethod()[pri:0, instance:testHomePage.TestSignIn@4f063c0a]" name="afterMethod" is-config="true" duration-ms="0" started-at="2021-11-26T22:47:01 EST" finished-at="2021-11-26T22:47:01 EST">
          <reporter-output>
          </reporter-output>
        </test-method> <!-- afterMethod -->
      </class> <!-- testHomePage.TestSignIn -->
      <class name="testHomePage.TestHomeLoans">
        <test-method status="PASS" signature="setUp(boolean,java.lang.String,java.lang.String,java.lang.String,java.lang.String,java.lang.String,java.lang.String)[pri:0, instance:testHomePage.TestHomeLoans@614ddd49]" name="setUp" is-config="true" duration-ms="3137" started-at="2021-11-26T22:56:22 EST" finished-at="2021-11-26T22:56:25 EST">
          <params>
            <param index="0">
              <value>
                <![CDATA[false]]>
              </value>
            </param>
            <param index="1">
              <value>
                <![CDATA[browserstack]]>
              </value>
            </param>
            <param index="2">
              <value>
                <![CDATA[Windows]]>
              </value>
            </param>
            <param index="3">
              <value>
                <![CDATA[10]]>
              </value>
            </param>
            <param index="4">
              <value>
                <![CDATA[chrome]]>
              </value>
            </param>
            <param index="5">
              <value>
                <![CDATA[34]]>
              </value>
            </param>
            <param index="6">
              <value>
                <![CDATA[https://www.BankOfAmerica.com]]>
              </value>
            </param>
          </params>
          <reporter-output>
          </reporter-output>
        </test-method> <!-- setUp -->
        <test-method status="PASS" signature="startExtent(java.lang.reflect.Method)[pri:0, instance:testHomePage.TestHomeLoans@614ddd49]" name="startExtent" is-config="true" duration-ms="1" started-at="2021-11-26T22:56:25 EST" finished-at="2021-11-26T22:56:25 EST">
          <params>
            <param index="0">
              <value>
                <![CDATA[public void testHomePage.TestHomeLoans.test71() throws java.lang.InterruptedException]]>
              </value>
            </param>
          </params>
          <reporter-output>
          </reporter-output>
        </test-method> <!-- startExtent -->
        <test-method status="PASS" signature="test71()[pri:0, instance:testHomePage.TestHomeLoans@614ddd49]" name="test71" duration-ms="4126" started-at="2021-11-26T22:56:25 EST" finished-at="2021-11-26T22:56:29 EST">
          <reporter-output>
          </reporter-output>
        </test-method> <!-- test71 -->
        <test-method status="PASS" signature="afterEachTestMethod(org.testng.ITestResult)[pri:0, instance:testHomePage.TestHomeLoans@614ddd49]" name="afterEachTestMethod" is-config="true" duration-ms="756" started-at="2021-11-26T22:56:29 EST" finished-at="2021-11-26T22:56:30 EST">
          <params>
            <param index="0">
              <value>
                <![CDATA[[TestResult name=test71 status=SUCCESS method=TestHomeLoans.test71()[pri:0, instance:testHomePage.TestHomeLoans@614ddd49] output={null}]]]>
              </value>
            </param>
          </params>
          <reporter-output>
          </reporter-output>
        </test-method> <!-- afterEachTestMethod -->
        <test-method status="PASS" signature="afterMethod()[pri:0, instance:testHomePage.TestHomeLoans@614ddd49]" name="afterMethod" is-config="true" duration-ms="0" started-at="2021-11-26T22:56:30 EST" finished-at="2021-11-26T22:56:30 EST">
          <reporter-output>
          </reporter-output>
        </test-method> <!-- afterMethod -->
        <test-method status="PASS" signature="setUp(boolean,java.lang.String,java.lang.String,java.lang.String,java.lang.String,java.lang.String,java.lang.String)[pri:0, instance:testHomePage.TestHomeLoans@614ddd49]" name="setUp" is-config="true" duration-ms="3506" started-at="2021-11-26T22:56:30 EST" finished-at="2021-11-26T22:56:33 EST">
          <params>
            <param index="0">
              <value>
                <![CDATA[false]]>
              </value>
            </param>
            <param index="1">
              <value>
                <![CDATA[browserstack]]>
              </value>
            </param>
            <param index="2">
              <value>
                <![CDATA[Windows]]>
              </value>
            </param>
            <param index="3">
              <value>
                <![CDATA[10]]>
              </value>
            </param>
            <param index="4">
              <value>
                <![CDATA[chrome]]>
              </value>
            </param>
            <param index="5">
              <value>
                <![CDATA[34]]>
              </value>
            </param>
            <param index="6">
              <value>
                <![CDATA[https://www.BankOfAmerica.com]]>
              </value>
            </param>
          </params>
          <reporter-output>
          </reporter-output>
        </test-method> <!-- setUp -->
        <test-method status="PASS" signature="startExtent(java.lang.reflect.Method)[pri:0, instance:testHomePage.TestHomeLoans@614ddd49]" name="startExtent" is-config="true" duration-ms="0" started-at="2021-11-26T22:56:33 EST" finished-at="2021-11-26T22:56:33 EST">
          <params>
            <param index="0">
              <value>
                <![CDATA[public void testHomePage.TestHomeLoans.test72() throws java.lang.InterruptedException]]>
              </value>
            </param>
          </params>
          <reporter-output>
          </reporter-output>
        </test-method> <!-- startExtent -->
        <test-method status="PASS" signature="test72()[pri:0, instance:testHomePage.TestHomeLoans@614ddd49]" name="test72" duration-ms="5853" started-at="2021-11-26T22:56:33 EST" finished-at="2021-11-26T22:56:39 EST">
          <reporter-output>
          </reporter-output>
        </test-method> <!-- test72 -->
        <test-method status="PASS" signature="afterEachTestMethod(org.testng.ITestResult)[pri:0, instance:testHomePage.TestHomeLoans@614ddd49]" name="afterEachTestMethod" is-config="true" duration-ms="735" started-at="2021-11-26T22:56:39 EST" finished-at="2021-11-26T22:56:40 EST">
          <params>
            <param index="0">
              <value>
                <![CDATA[[TestResult name=test72 status=SUCCESS method=TestHomeLoans.test72()[pri:0, instance:testHomePage.TestHomeLoans@614ddd49] output={null}]]]>
              </value>
            </param>
          </params>
          <reporter-output>
          </reporter-output>
        </test-method> <!-- afterEachTestMethod -->
        <test-method status="PASS" signature="afterMethod()[pri:0, instance:testHomePage.TestHomeLoans@614ddd49]" name="afterMethod" is-config="true" duration-ms="0" started-at="2021-11-26T22:56:40 EST" finished-at="2021-11-26T22:56:40 EST">
          <reporter-output>
          </reporter-output>
        </test-method> <!-- afterMethod -->
        <test-method status="PASS" signature="setUp(boolean,java.lang.String,java.lang.String,java.lang.String,java.lang.String,java.lang.String,java.lang.String)[pri:0, instance:testHomePage.TestHomeLoans@614ddd49]" name="setUp" is-config="true" duration-ms="2818" started-at="2021-11-26T22:56:40 EST" finished-at="2021-11-26T22:56:42 EST">
          <params>
            <param index="0">
              <value>
                <![CDATA[false]]>
              </value>
            </param>
            <param index="1">
              <value>
                <![CDATA[browserstack]]>
              </value>
            </param>
            <param index="2">
              <value>
                <![CDATA[Windows]]>
              </value>
            </param>
            <param index="3">
              <value>
                <![CDATA[10]]>
              </value>
            </param>
            <param index="4">
              <value>
                <![CDATA[chrome]]>
              </value>
            </param>
            <param index="5">
              <value>
                <![CDATA[34]]>
              </value>
            </param>
            <param index="6">
              <value>
                <![CDATA[https://www.BankOfAmerica.com]]>
              </value>
            </param>
          </params>
          <reporter-output>
          </reporter-output>
        </test-method> <!-- setUp -->
        <test-method status="PASS" signature="startExtent(java.lang.reflect.Method)[pri:0, instance:testHomePage.TestHomeLoans@614ddd49]" name="startExtent" is-config="true" duration-ms="1" started-at="2021-11-26T22:56:42 EST" finished-at="2021-11-26T22:56:42 EST">
          <params>
            <param index="0">
              <value>
                <![CDATA[public void testHomePage.TestHomeLoans.test73() throws java.lang.InterruptedException]]>
              </value>
            </param>
          </params>
          <reporter-output>
          </reporter-output>
        </test-method> <!-- startExtent -->
        <test-method status="PASS" signature="test73()[pri:0, instance:testHomePage.TestHomeLoans@614ddd49]" name="test73" duration-ms="8676" started-at="2021-11-26T22:56:42 EST" finished-at="2021-11-26T22:56:51 EST">
          <reporter-output>
          </reporter-output>
        </test-method> <!-- test73 -->
        <test-method status="PASS" signature="afterEachTestMethod(org.testng.ITestResult)[pri:0, instance:testHomePage.TestHomeLoans@614ddd49]" name="afterEachTestMethod" is-config="true" duration-ms="860" started-at="2021-11-26T22:56:51 EST" finished-at="2021-11-26T22:56:52 EST">
          <params>
            <param index="0">
              <value>
                <![CDATA[[TestResult name=test73 status=SUCCESS method=TestHomeLoans.test73()[pri:0, instance:testHomePage.TestHomeLoans@614ddd49] output={null}]]]>
              </value>
            </param>
          </params>
          <reporter-output>
          </reporter-output>
        </test-method> <!-- afterEachTestMethod -->
        <test-method status="PASS" signature="afterMethod()[pri:0, instance:testHomePage.TestHomeLoans@614ddd49]" name="afterMethod" is-config="true" duration-ms="0" started-at="2021-11-26T22:56:52 EST" finished-at="2021-11-26T22:56:52 EST">
          <reporter-output>
          </reporter-output>
        </test-method> <!-- afterMethod -->
        <test-method status="PASS" signature="setUp(boolean,java.lang.String,java.lang.String,java.lang.String,java.lang.String,java.lang.String,java.lang.String)[pri:0, instance:testHomePage.TestHomeLoans@614ddd49]" name="setUp" is-config="true" duration-ms="2931" started-at="2021-11-26T22:56:52 EST" finished-at="2021-11-26T22:56:55 EST">
          <params>
            <param index="0">
              <value>
                <![CDATA[false]]>
              </value>
            </param>
            <param index="1">
              <value>
                <![CDATA[browserstack]]>
              </value>
            </param>
            <param index="2">
              <value>
                <![CDATA[Windows]]>
              </value>
            </param>
            <param index="3">
              <value>
                <![CDATA[10]]>
              </value>
            </param>
            <param index="4">
              <value>
                <![CDATA[chrome]]>
              </value>
            </param>
            <param index="5">
              <value>
                <![CDATA[34]]>
              </value>
            </param>
            <param index="6">
              <value>
                <![CDATA[https://www.BankOfAmerica.com]]>
              </value>
            </param>
          </params>
          <reporter-output>
          </reporter-output>
        </test-method> <!-- setUp -->
        <test-method status="PASS" signature="startExtent(java.lang.reflect.Method)[pri:0, instance:testHomePage.TestHomeLoans@614ddd49]" name="startExtent" is-config="true" duration-ms="0" started-at="2021-11-26T22:56:55 EST" finished-at="2021-11-26T22:56:55 EST">
          <params>
            <param index="0">
              <value>
                <![CDATA[public void testHomePage.TestHomeLoans.test74() throws java.lang.InterruptedException]]>
              </value>
            </param>
          </params>
          <reporter-output>
          </reporter-output>
        </test-method> <!-- startExtent -->
        <test-method status="PASS" signature="test74()[pri:0, instance:testHomePage.TestHomeLoans@614ddd49]" name="test74" duration-ms="6783" started-at="2021-11-26T22:56:55 EST" finished-at="2021-11-26T22:57:02 EST">
          <reporter-output>
          </reporter-output>
        </test-method> <!-- test74 -->
        <test-method status="PASS" signature="afterEachTestMethod(org.testng.ITestResult)[pri:0, instance:testHomePage.TestHomeLoans@614ddd49]" name="afterEachTestMethod" is-config="true" duration-ms="800" started-at="2021-11-26T22:57:02 EST" finished-at="2021-11-26T22:57:03 EST">
          <params>
            <param index="0">
              <value>
                <![CDATA[[TestResult name=test74 status=SUCCESS method=TestHomeLoans.test74()[pri:0, instance:testHomePage.TestHomeLoans@614ddd49] output={null}]]]>
              </value>
            </param>
          </params>
          <reporter-output>
          </reporter-output>
        </test-method> <!-- afterEachTestMethod -->
        <test-method status="PASS" signature="afterMethod()[pri:0, instance:testHomePage.TestHomeLoans@614ddd49]" name="afterMethod" is-config="true" duration-ms="1" started-at="2021-11-26T22:57:03 EST" finished-at="2021-11-26T22:57:03 EST">
          <reporter-output>
          </reporter-output>
        </test-method> <!-- afterMethod -->
        <test-method status="PASS" signature="setUp(boolean,java.lang.String,java.lang.String,java.lang.String,java.lang.String,java.lang.String,java.lang.String)[pri:0, instance:testHomePage.TestHomeLoans@614ddd49]" name="setUp" is-config="true" duration-ms="3129" started-at="2021-11-26T22:57:03 EST" finished-at="2021-11-26T22:57:06 EST">
          <params>
            <param index="0">
              <value>
                <![CDATA[false]]>
              </value>
            </param>
            <param index="1">
              <value>
                <![CDATA[browserstack]]>
              </value>
            </param>
            <param index="2">
              <value>
                <![CDATA[Windows]]>
              </value>
            </param>
            <param index="3">
              <value>
                <![CDATA[10]]>
              </value>
            </param>
            <param index="4">
              <value>
                <![CDATA[chrome]]>
              </value>
            </param>
            <param index="5">
              <value>
                <![CDATA[34]]>
              </value>
            </param>
            <param index="6">
              <value>
                <![CDATA[https://www.BankOfAmerica.com]]>
              </value>
            </param>
          </params>
          <reporter-output>
          </reporter-output>
        </test-method> <!-- setUp -->
[...]
            <param index="0">
              <value>
                <![CDATA[false]]>
              </value>
            </param>
            <param index="1">
              <value>
                <![CDATA[browserstack]]>
              </value>
            </param>
            <param index="2">
              <value>
                <![CDATA[Windows]]>
              </value>
            </param>
            <param index="3">
              <value>
                <![CDATA[10]]>
              </value>
            </param>
            <param index="4">
              <value>
                <![CDATA[chrome]]>
              </value>
            </param>
            <param index="5">
              <value>
                <![CDATA[34]]>
              </value>
            </param>
            <param index="6">
              <value>
                <![CDATA[https://www.BankOfAmerica.com]]>
              </value>
            </param>
          </params>
          <reporter-output>
          </reporter-output>
        </test-method> <!-- setUp -->
        <test-method status="PASS" signature="startExtent(java.lang.reflect.Method)[pri:0, instance:testHomePage.TestSavings@1e6d1014]" name="startExtent" is-config="true" duration-ms="1" started-at="2021-11-26T22:51:26 EST" finished-at="2021-11-26T22:51:26 EST">
          <params>
            <param index="0">
              <value>
                <![CDATA[public void testHomePage.TestSavings.test40() throws java.lang.InterruptedException]]>
              </value>
            </param>
          </params>
          <reporter-output>
          </reporter-output>
        </test-method> <!-- startExtent -->
        <test-method status="PASS" signature="test40()[pri:0, instance:testHomePage.TestSavings@1e6d1014]" name="test40" duration-ms="5853" started-at="2021-11-26T22:51:26 EST" finished-at="2021-11-26T22:51:32 EST">
          <reporter-output>
          </reporter-output>
        </test-method> <!-- test40 -->
        <test-method status="PASS" signature="afterEachTestMethod(org.testng.ITestResult)[pri:0, instance:testHomePage.TestSavings@1e6d1014]" name="afterEachTestMethod" is-config="true" duration-ms="774" started-at="2021-11-26T22:51:32 EST" finished-at="2021-11-26T22:51:32 EST">
          <params>
            <param index="0">
              <value>
                <![CDATA[[TestResult name=test40 status=SUCCESS method=TestSavings.test40()[pri:0, instance:testHomePage.TestSavings@1e6d1014] output={null}]]]>
              </value>
            </param>
          </params>
          <reporter-output>
          </reporter-output>
        </test-method> <!-- afterEachTestMethod -->
        <test-method status="PASS" signature="afterMethod()[pri:0, instance:testHomePage.TestSavings@1e6d1014]" name="afterMethod" is-config="true" duration-ms="0" started-at="2021-11-26T22:51:32 EST" finished-at="2021-11-26T22:51:32 EST">
          <reporter-output>
          </reporter-output>
        </test-method> <!-- afterMethod -->
        <test-method status="PASS" signature="setUp(boolean,java.lang.String,java.lang.String,java.lang.String,java.lang.String,java.lang.String,java.lang.String)[pri:0, instance:testHomePage.TestSavings@1e6d1014]" name="setUp" is-config="true" duration-ms="3339" started-at="2021-11-26T22:51:32 EST" finished-at="2021-11-26T22:51:36 EST">
          <params>
            <param index="0">
              <value>
                <![CDATA[false]]>
              </value>
            </param>
            <param index="1">
              <value>
                <![CDATA[browserstack]]>
              </value>
            </param>
            <param index="2">
              <value>
                <![CDATA[Windows]]>
              </value>
            </param>
            <param index="3">
              <value>
                <![CDATA[10]]>
              </value>
            </param>
            <param index="4">
              <value>
                <![CDATA[chrome]]>
              </value>
            </param>
            <param index="5">
              <value>
                <![CDATA[34]]>
              </value>
            </param>
            <param index="6">
              <value>
                <![CDATA[https://www.BankOfAmerica.com]]>
              </value>
            </param>
          </params>
          <reporter-output>
          </reporter-output>
        </test-method> <!-- setUp -->
        <test-method status="PASS" signature="test41()[pri:0, instance:testHomePage.TestSavings@1e6d1014]" name="test41" duration-ms="6114" started-at="2021-11-26T22:51:36 EST" finished-at="2021-11-26T22:51:42 EST">
          <reporter-output>
          </reporter-output>
        </test-method> <!-- test41 -->
        <test-method status="PASS" signature="startExtent(java.lang.reflect.Method)[pri:0, instance:testHomePage.TestSavings@1e6d1014]" name="startExtent" is-config="true" duration-ms="0" started-at="2021-11-26T22:51:36 EST" finished-at="2021-11-26T22:51:36 EST">
          <params>
            <param index="0">
              <value>
                <![CDATA[public void testHomePage.TestSavings.test41() throws java.lang.InterruptedException]]>
              </value>
            </param>
          </params>
          <reporter-output>
          </reporter-output>
        </test-method> <!-- startExtent -->
        <test-method status="PASS" signature="afterEachTestMethod(org.testng.ITestResult)[pri:0, instance:testHomePage.TestSavings@1e6d1014]" name="afterEachTestMethod" is-config="true" duration-ms="809" started-at="2021-11-26T22:51:42 EST" finished-at="2021-11-26T22:51:43 EST">
          <params>
            <param index="0">
              <value>
                <![CDATA[[TestResult name=test41 status=SUCCESS method=TestSavings.test41()[pri:0, instance:testHomePage.TestSavings@1e6d1014] output={null}]]]>
              </value>
            </param>
          </params>
          <reporter-output>
          </reporter-output>
        </test-method> <!-- afterEachTestMethod -->
        <test-method status="PASS" signature="afterMethod()[pri:0, instance:testHomePage.TestSavings@1e6d1014]" name="afterMethod" is-config="true" duration-ms="1" started-at="2021-11-26T22:51:43 EST" finished-at="2021-11-26T22:51:43 EST">
          <reporter-output>
          </reporter-output>
        </test-method> <!-- afterMethod -->
        <test-method status="PASS" signature="setUp(boolean,java.lang.String,java.lang.String,java.lang.String,java.lang.String,java.lang.String,java.lang.String)[pri:0, instance:testHomePage.TestSavings@1e6d1014]" name="setUp" is-config="true" duration-ms="3003" started-at="2021-11-26T22:51:43 EST" finished-at="2021-11-26T22:51:46 EST">
          <params>
            <param index="0">
              <value>
                <![CDATA[false]]>
              </value>
            </param>
            <param index="1">
              <value>
                <![CDATA[browserstack]]>
              </value>
            </param>
            <param index="2">
              <value>
                <![CDATA[Windows]]>
              </value>
            </param>
            <param index="3">
              <value>
                <![CDATA[10]]>
              </value>
            </param>
            <param index="4">
              <value>
                <![CDATA[chrome]]>
              </value>
            </param>
            <param index="5">
              <value>
                <![CDATA[34]]>
              </value>
            </param>
            <param index="6">
              <value>
                <![CDATA[https://www.BankOfAmerica.com]]>
              </value>
            </param>
          </params>
          <reporter-output>
          </reporter-output>
        </test-method> <!-- setUp -->
        <test-method status="PASS" signature="startExtent(java.lang.reflect.Method)[pri:0, instance:testHomePage.TestSavings@1e6d1014]" name="startExtent" is-config="true" duration-ms="0" started-at="2021-11-26T22:51:46 EST" finished-at="2021-11-26T22:51:46 EST">
          <params>
            <param index="0">
              <value>
                <![CDATA[public void testHomePage.TestSavings.test42() throws java.lang.InterruptedException]]>
              </value>
            </param>
          </params>
          <reporter-output>
          </reporter-output>
        </test-method> <!-- startExtent -->
        <test-method status="PASS" signature="test42()[pri:0, instance:testHomePage.TestSavings@1e6d1014]" name="test42" duration-ms="6337" started-at="2021-11-26T22:51:46 EST" finished-at="2021-11-26T22:51:52 EST">
          <reporter-output>
          </reporter-output>
        </test-method> <!-- test42 -->
        <test-method status="PASS" signature="afterEachTestMethod(org.testng.ITestResult)[pri:0, instance:testHomePage.TestSavings@1e6d1014]" name="afterEachTestMethod" is-config="true" duration-ms="866" started-at="2021-11-26T22:51:52 EST" finished-at="2021-11-26T22:51:53 EST">
          <params>
            <param index="0">
              <value>
                <![CDATA[[TestResult name=test42 status=SUCCESS method=TestSavings.test42()[pri:0, instance:testHomePage.TestSavings@1e6d1014] output={null}]]]>
              </value>
            </param>
          </params>
          <reporter-output>
          </reporter-output>
        </test-method> <!-- afterEachTestMethod -->
        <test-method status="PASS" signature="afterMethod()[pri:0, instance:testHomePage.TestSavings@1e6d1014]" name="afterMethod" is-config="true" duration-ms="0" started-at="2021-11-26T22:51:53 EST" finished-at="2021-11-26T22:51:53 EST">
          <reporter-output>
          </reporter-output>
        </test-method> <!-- afterMethod -->
        <test-method status="PASS" signature="setUp(boolean,java.lang.String,java.lang.String,java.lang.String,java.lang.String,java.lang.String,java.lang.String)[pri:0, instance:testHomePage.TestSavings@1e6d1014]" name="setUp" is-config="true" duration-ms="3231" started-at="2021-11-26T22:51:53 EST" finished-at="2021-11-26T22:51:56 EST">
          <params>
            <param index="0">
              <value>
                <![CDATA[false]]>
              </value>
            </param>
            <param index="1">
              <value>
                <![CDATA[browserstack]]>
              </value>
            </param>
            <param index="2">
              <value>
                <![CDATA[Windows]]>
              </value>
            </param>
            <param index="3">
              <value>
                <![CDATA[10]]>
              </value>
            </param>
            <param index="4">
              <value>
                <![CDATA[chrome]]>
              </value>
            </param>
            <param index="5">
              <value>
                <![CDATA[34]]>
              </value>
            </param>
            <param index="6">
              <value>
                <![CDATA[https://www.BankOfAmerica.com]]>
              </value>
            </param>
          </params>
          <reporter-output>
          </reporter-output>
        </test-method> <!-- setUp -->
        <test-method status="PASS" signature="startExtent(java.lang.reflect.Method)[pri:0, instance:testHomePage.TestSavings@1e6d1014]" name="startExtent" is-config="true" duration-ms="1" started-at="2021-11-26T22:51:56 EST" finished-at="2021-11-26T22:51:56 EST">
          <params>
            <param index="0">
              <value>
                <![CDATA[public void testHomePage.TestSavings.test43() throws java.lang.InterruptedException]]>
              </value>
            </param>
          </params>
          <reporter-output>
          </reporter-output>
        </test-method> <!-- startExtent -->
        <test-method status="PASS" signature="test43()[pri:0, instance:testHomePage.TestSavings@1e6d1014]" name="test43" duration-ms="6116" started-at="2021-11-26T22:51:56 EST" finished-at="2021-11-26T22:52:02 EST">
          <reporter-output>
          </reporter-output>
        </test-method> <!-- test43 -->
        <test-method status="PASS" signature="afterEachTestMethod(org.testng.ITestResult)[pri:0, instance:testHomePage.TestSavings@1e6d1014]" name="afterEachTestMethod" is-config="true" duration-ms="823" started-at="2021-11-26T22:52:02 EST" finished-at="2021-11-26T22:52:03 EST">
          <params>
            <param index="0">
              <value>
                <![CDATA[[TestResult name=test43 status=SUCCESS method=TestSavings.test43()[pri:0, instance:testHomePage.TestSavings@1e6d1014] output={null}]]]>
              </value>
            </param>
          </params>
          <reporter-output>
          </reporter-output>
        </test-method> <!-- afterEachTestMethod -->
        <test-method status="PASS" signature="afterMethod()[pri:0, instance:testHomePage.TestSavings@1e6d1014]" name="afterMethod" is-config="true" duration-ms="0" started-at="2021-11-26T22:52:03 EST" finished-at="2021-11-26T22:52:03 EST">
          <reporter-output>
          </reporter-output>
        </test-method> <!-- afterMethod -->
        <test-method status="PASS" signature="setUp(boolean,java.lang.String,java.lang.String,java.lang.String,java.lang.String,java.lang.String,java.lang.String)[pri:0, instance:testHomePage.TestSavings@1e6d1014]" name="setUp" is-config="true" duration-ms="3363" started-at="2021-11-26T22:52:03 EST" finished-at="2021-11-26T22:52:06 EST">
          <params>
            <param index="0">
              <value>
                <![CDATA[false]]>
              </value>
            </param>
            <param index="1">
              <value>
                <![CDATA[browserstack]]>
              </value>
            </param>
            <param index="2">
              <value>
                <![CDATA[Windows]]>
              </value>
            </param>
            <param index="3">
              <value>
                <![CDATA[10]]>
              </value>
            </param>
            <param index="4">
              <value>
                <![CDATA[chrome]]>
              </value>
            </param>
            <param index="5">
              <value>
                <![CDATA[34]]>
              </value>
            </param>
            <param index="6">
              <value>
                <![CDATA[https://www.BankOfAmerica.com]]>
              </value>
            </param>
          </params>
          <reporter-output>
          </reporter-output>
        </test-method> <!-- setUp -->
        <test-method status="PASS" signature="test44()[pri:0, instance:testHomePage.TestSavings@1e6d1014]" name="test44" duration-ms="6264" started-at="2021-11-26T22:52:06 EST" finished-at="2021-11-26T22:52:13 EST">
          <reporter-output>
          </reporter-output>
        </test-method> <!-- test44 -->
        <test-method status="PASS" signature="startExtent(java.lang.reflect.Method)[pri:0, instance:testHomePage.TestSavings@1e6d1014]" name="startExtent" is-config="true" duration-ms="0" started-at="2021-11-26T22:52:06 EST" finished-at="2021-11-26T22:52:06 EST">
          <params>
            <param index="0">
              <value>
                <![CDATA[public void testHomePage.TestSavings.test44() throws java.lang.InterruptedException]]>
              </value>
            </param>
          </params>
          <reporter-output>
          </reporter-output>
        </test-method> <!-- startExtent -->
        <test-method status="PASS" signature="afterEachTestMethod(org.testng.ITestResult)[pri:0, instance:testHomePage.TestSavings@1e6d1014]" name="afterEachTestMethod" is-config="true" duration-ms="864" started-at="2021-11-26T22:52:13 EST" finished-at="2021-11-26T22:52:14 EST">
          <params>
            <param index="0">
              <value>
                <![CDATA[[TestResult name=test44 status=SUCCESS method=TestSavings.test44()[pri:0, instance:testHomePage.TestSavings@1e6d1014] output={null}]]]>
              </value>
            </param>
          </params>
          <reporter-output>
          </reporter-output>
        </test-method> <!-- afterEachTestMethod -->
        <test-method status="PASS" signature="afterMethod()[pri:0, instance:testHomePage.TestSavings@1e6d1014]" name="afterMethod" is-config="true" duration-ms="0" started-at="2021-11-26T22:52:14 EST" finished-at="2021-11-26T22:52:14 EST">
          <reporter-output>
          </reporter-output>
        </test-method> <!-- afterMethod -->
        <test-method status="PASS" signature="setUp(boolean,java.lang.String,java.lang.String,java.lang.String,java.lang.String,java.lang.String,java.lang.String)[pri:0, instance:testHomePage.TestSavings@1e6d1014]" name="setUp" is-config="true" duration-ms="3257" started-at="2021-11-26T22:52:14 EST" finished-at="2021-11-26T22:52:17 EST">
          <params>
            <param index="0">
              <value>
                <![CDATA[false]]>
              </value>
            </param>
            <param index="1">
              <value>
                <![CDATA[browserstack]]>
              </value>
            </param>
            <param index="2">
              <value>
                <![CDATA[Windows]]>
              </value>
            </param>
            <param index="3">
              <value>
                <![CDATA[10]]>
              </value>
            </param>
            <param index="4">
              <value>
                <![CDATA[chrome]]>
              </value>
            </param>
            <param index="5">
              <value>
                <![CDATA[34]]>
              </value>
            </param>
            <param index="6">
              <value>
                <![CDATA[https://www.BankOfAmerica.com]]>
              </value>
            </param>
          </params>
          <reporter-output>
          </reporter-output>
        </test-method> <!-- setUp -->
        <test-method status="PASS" signature="test45()[pri:0, instance:testHomePage.TestSavings@1e6d1014]" name="test45" duration-ms="5268" started-at="2021-11-26T22:52:17 EST" finished-at="2021-11-26T22:52:22 EST">
          <reporter-output>
          </reporter-output>
        </test-method> <!-- test45 -->
        <test-method status="PASS" signature="startExtent(java.lang.reflect.Method)[pri:0, instance:testHomePage.TestSavings@1e6d1014]" name="startExtent" is-config="true" duration-ms="0" started-at="2021-11-26T22:52:17 EST" finished-at="2021-11-26T22:52:17 EST">
          <params>
            <param index="0">
              <value>
                <![CDATA[public void testHomePage.TestSavings.test45() throws java.lang.InterruptedException]]>
              </value>
            </param>
          </params>
          <reporter-output>
          </reporter-output>
        </test-method> <!-- startExtent -->
        <test-method status="PASS" signature="afterEachTestMethod(org.testng.ITestResult)[pri:0, instance:testHomePage.TestSavings@1e6d1014]" name="afterEachTestMethod" is-config="true" duration-ms="780" started-at="2021-11-26T22:52:22 EST" finished-at="2021-11-26T22:52:23 EST">
          <params>
            <param index="0">
              <value>
                <![CDATA[[TestResult name=test45 status=SUCCESS method=TestSavings.test45()[pri:0, instance:testHomePage.TestSavings@1e6d1014] output={null}]]]>
              </value>
            </param>
          </params>
          <reporter-output>
          </reporter-output>
        </test-method> <!-- afterEachTestMethod -->
        <test-method status="PASS" signature="afterMethod()[pri:0, instance:testHomePage.TestSavings@1e6d1014]" name="afterMethod" is-config="true" duration-ms="1" started-at="2021-11-26T22:52:23 EST" finished-at="2021-11-26T22:52:23 EST">
          <reporter-output>
          </reporter-output>
        </test-method> <!-- afterMethod -->
      </class> <!-- testHomePage.TestSavings -->
    </test> <!-- smoke testing BankOfAmerica search -->
  </suite> <!-- BankOfAmerica Automation Scipt -->
</testng-results>
