<?xml version="1.0" encoding="UTF-8"?>
<!-- Generated by org.testng.reporters.JUnitXMLReporter -->
<testsuite hostname="russelabedinx1" ignored="14" name="smoke testing BankOfAmerica search" tests="108" failures="0" timestamp="2021-11-26T23:03:33 EST" time="1206.772" errors="0">
  <testcase name="test1" time="5.989" classname="testHomePage.TestChecking"/>
  <testcase name="test10" time="6.356" classname="testHomePage.TestChecking"/>
  <testcase name="test104" time="10.294" classname="testHomePage.TestChecking"/>
  <testcase name="test105" time="7.237" classname="testHomePage.TestChecking"/>
  <testcase name="test2" time="4.947" classname="testHomePage.TestChecking"/>
  <testcase name="test3" time="5.373" classname="testHomePage.TestChecking"/>
  <testcase name="test4" time="5.264" classname="testHomePage.TestChecking"/>
  <testcase name="test5" time="5.585" classname="testHomePage.TestChecking"/>
  <testcase name="test6" time="7.053" classname="testHomePage.TestChecking"/>
  <testcase name="test7" time="5.96" classname="testHomePage.TestChecking"/>
  <testcase name="test8" time="5.228" classname="testHomePage.TestChecking"/>
  <testcase name="test9" time="4.592" classname="testHomePage.TestChecking"/>
  <testcase name="test106" time="5.135" classname="testHomePage.TestSignIn"/>
  <testcase name="test108" time="6.16" classname="testHomePage.TestSignIn"/>
  <testcase name="test11" time="3.572" classname="testHomePage.TestSignIn"/>
  <testcase name="test12" time="4.102" classname="testHomePage.TestSignIn"/>
  <testcase name="test13" time="4.413" classname="testHomePage.TestSignIn"/>
  <testcase name="test14" time="4.764" classname="testHomePage.TestSignIn"/>
  <testcase name="test15" time="5.032" classname="testHomePage.TestSignIn"/>
  <testcase name="test16" time="3.775" classname="testHomePage.TestSignIn"/>
  <testcase name="test17" time="5.032" classname="testHomePage.TestSignIn"/>
  <testcase name="test18" time="6.132" classname="testHomePage.TestSignIn"/>
  <testcase name="test103" time="9.687" classname="testHomePage.TestSavings"/>
  <testcase name="test19" time="3.969" classname="testHomePage.TestSavings"/>
  <testcase name="test20" time="4.866" classname="testHomePage.TestSavings"/>
  <testcase name="test21" time="5.523" classname="testHomePage.TestSavings"/>
  <testcase name="test22" time="4.885" classname="testHomePage.TestSavings"/>
  <testcase name="test23" time="4.796" classname="testHomePage.TestSavings"/>
  <testcase name="test24" time="5.89" classname="testHomePage.TestSavings"/>
  <testcase name="test25" time="7.893" classname="testHomePage.TestSavings"/>
  <testcase name="test26" time="8.57" classname="testHomePage.TestSavings"/>
  <testcase name="test27" time="9.202" classname="testHomePage.TestSavings"/>
  <testcase name="test28" time="6.331" classname="testHomePage.TestSavings"/>
  <testcase name="test29" time="9.829" classname="testHomePage.TestSavings"/>
  <testcase name="test30" time="7.409" classname="testHomePage.TestSavings"/>
  <testcase name="test31" time="6.667" classname="testHomePage.TestSavings"/>
  <testcase name="test32" time="9.482" classname="testHomePage.TestSavings"/>
  <testcase name="test33" time="11.001" classname="testHomePage.TestSavings"/>
  <testcase name="test34" time="12.424" classname="testHomePage.TestSavings"/>
  <testcase name="test35" time="10.624" classname="testHomePage.TestSavings"/>
  <testcase name="test36" time="11.485" classname="testHomePage.TestSavings"/>
  <testcase name="test37" time="8.135" classname="testHomePage.TestSavings"/>
  <testcase name="test38" time="8.007" classname="testHomePage.TestSavings"/>
  <testcase name="test39" time="8.302" classname="testHomePage.TestSavings"/>
  <testcase name="test40" time="5.853" classname="testHomePage.TestSavings"/>
  <testcase name="test41" time="6.114" classname="testHomePage.TestSavings"/>
  <testcase name="test42" time="6.337" classname="testHomePage.TestSavings"/>
  <testcase name="test43" time="6.116" classname="testHomePage.TestSavings"/>
  <testcase name="test44" time="6.264" classname="testHomePage.TestSavings"/>
  <testcase name="test45" time="5.268" classname="testHomePage.TestSavings"/>
  <testcase name="test46" time="3.576" classname="testHomePage.TestCreditCards"/>
  <testcase name="test47" time="5.566" classname="testHomePage.TestCreditCards"/>
  <testcase name="test48" time="7.5" classname="testHomePage.TestCreditCards"/>
  <testcase name="test49" time="6.699" classname="testHomePage.TestCreditCards"/>
  <testcase name="test50" time="6.354" classname="testHomePage.TestCreditCards"/>
  <testcase name="test51" time="4.766" classname="testHomePage.TestCreditCards"/>
  <testcase name="test52" time="3.651" classname="testHomePage.TestCreditCards"/>
  <testcase name="test53" time="5.78" classname="testHomePage.TestCreditCards"/>
  <testcase name="test54" time="3.851" classname="testHomePage.TestCreditCards"/>
  <testcase name="test55" time="5.385" classname="testHomePage.TestCreditCards"/>
  <testcase name="test56" time="7.302" classname="testHomePage.TestCreditCards"/>
  <testcase name="test57" time="6.819" classname="testHomePage.TestCreditCards"/>
  <testcase name="test58" time="6.135" classname="testHomePage.TestCreditCards"/>
  <testcase name="test59" time="6.478" classname="testHomePage.TestCreditCards"/>
  <testcase name="test60" time="3.366" classname="testHomePage.TestCreditCards"/>
  <testcase name="test61" time="4.378" classname="testHomePage.TestCreditCards"/>
  <testcase name="test62" time="6.442" classname="testHomePage.TestCreditCards"/>
  <testcase name="test63" time="4.913" classname="testHomePage.TestCreditCards"/>
  <testcase name="test64" time="5.651" classname="testHomePage.TestCreditCards"/>
  <testcase name="test65" time="4.414" classname="testHomePage.TestCreditCards"/>
  <testcase name="test66" time="5.096" classname="testHomePage.TestCreditCards"/>
  <testcase name="test67" time="4.843" classname="testHomePage.TestCreditCards"/>
  <testcase name="test68" time="5.704" classname="testHomePage.TestCreditCards"/>
  <testcase name="test69" time="5.501" classname="testHomePage.TestCreditCards"/>
  <testcase name="test70" time="6.468" classname="testHomePage.TestCreditCards"/>
  <testcase name="test71" time="4.126" classname="testHomePage.TestHomeLoans"/>
  <testcase name="test72" time="5.853" classname="testHomePage.TestHomeLoans"/>
  <testcase name="test73" time="8.676" classname="testHomePage.TestHomeLoans"/>
  <testcase name="test74" time="6.783" classname="testHomePage.TestHomeLoans"/>
  <testcase name="test75" time="6.549" classname="testHomePage.TestHomeLoans"/>
  <testcase name="test76" time="6.961" classname="testHomePage.TestHomeLoans"/>
  <testcase name="test77" time="6.959" classname="testHomePage.TestHomeLoans"/>
  <testcase name="test78" time="6.908" classname="testHomePage.TestHomeLoans"/>
  <testcase name="test79" time="5.555" classname="testHomePage.TestHomeLoans"/>
  <testcase name="test80" time="6.051" classname="testHomePage.TestHomeLoans"/>
  <testcase name="test81" time="5.433" classname="testHomePage.TestHomeLoans"/>
  <testcase name="test82" time="6.54" classname="testHomePage.TestHomeLoans"/>
  <testcase name="test83" time="5.338" classname="testHomePage.TestHomeLoans"/>
  <testcase name="test84" time="5.016" classname="testHomePage.TestHomeLoans"/>
  <testcase name="test85" time="4.925" classname="testHomePage.TestHomeLoans"/>
  <testcase name="test86" time="7.196" classname="testHomePage.TestAutoLoan"/>
  <testcase name="test87" time="8.273" classname="testHomePage.TestAutoLoan"/>
  <testcase name="test88" time="12.072" classname="testHomePage.TestInvesting"/>
  <testcase name="test89" time="12.651" classname="testHomePage.TestInvesting"/>
  <testcase name="test90" time="16.512" classname="testHomePage.TestInvesting"/>
  <testcase name="test91" time="15.426" classname="testHomePage.TestInvesting"/>
  <testcase name="test92" time="15.934" classname="testHomePage.TestInvesting"/>
  <testcase name="test93" time="15.748" classname="testHomePage.TestInvesting"/>
  <testcase name="test94" time="15.815" classname="testHomePage.TestInvesting"/>
  <testcase name="test95" time="11.173" classname="testHomePage.TestInvesting"/>
  <testcase name="test100" time="9.213" classname="testHomePage.TestBetterMoneyHabits"/>
  <testcase name="test101" time="9.573" classname="testHomePage.TestBetterMoneyHabits"/>
  <testcase name="test102" time="10.908" classname="testHomePage.TestBetterMoneyHabits"/>
  <testcase name="test107" time="0.001" classname="testHomePage.TestBetterMoneyHabits"/>
  <testcase name="test96" time="10.659" classname="testHomePage.TestBetterMoneyHabits"/>
  <testcase name="test97" time="9.64" classname="testHomePage.TestBetterMoneyHabits"/>
  <testcase name="test98" time="9.585" classname="testHomePage.TestBetterMoneyHabits"/>
  <testcase name="test99" time="9.952" classname="testHomePage.TestBetterMoneyHabits"/>
  <testcase name="@BeforeSuite extentSetup" time="0.0" classname="base.CommonAPI">
    <ignored/>
  </testcase> <!-- @BeforeSuite extentSetup -->
  <testcase name="@BeforeSuite extentSetup" time="0.0" classname="base.CommonAPI">
    <ignored/>
  </testcase> <!-- @BeforeSuite extentSetup -->
  <testcase name="@BeforeSuite extentSetup" time="0.0" classname="base.CommonAPI">
    <ignored/>
  </testcase> <!-- @BeforeSuite extentSetup -->
  <testcase name="@BeforeSuite extentSetup" time="0.0" classname="base.CommonAPI">
    <ignored/>
  </testcase> <!-- @BeforeSuite extentSetup -->
  <testcase name="@BeforeSuite extentSetup" time="0.0" classname="base.CommonAPI">
    <ignored/>
  </testcase> <!-- @BeforeSuite extentSetup -->
  <testcase name="@BeforeSuite extentSetup" time="0.0" classname="base.CommonAPI">
    <ignored/>
  </testcase> <!-- @BeforeSuite extentSetup -->
  <testcase name="@BeforeSuite extentSetup" time="0.0" classname="base.CommonAPI">
    <ignored/>
  </testcase> <!-- @BeforeSuite extentSetup -->
  <testcase name="@AfterSuite generateReport" time="0.0" classname="base.CommonAPI">
    <ignored/>
  </testcase> <!-- @AfterSuite generateReport -->
  <testcase name="@AfterSuite generateReport" time="0.0" classname="base.CommonAPI">
    <ignored/>
  </testcase> <!-- @AfterSuite generateReport -->
  <testcase name="@AfterSuite generateReport" time="0.0" classname="base.CommonAPI">
    <ignored/>
  </testcase> <!-- @AfterSuite generateReport -->
  <testcase name="@AfterSuite generateReport" time="0.0" classname="base.CommonAPI">
    <ignored/>
  </testcase> <!-- @AfterSuite generateReport -->
  <testcase name="@AfterSuite generateReport" time="0.0" classname="base.CommonAPI">
    <ignored/>
  </testcase> <!-- @AfterSuite generateReport -->
  <testcase name="@AfterSuite generateReport" time="0.0" classname="base.CommonAPI">
    <ignored/>
  </testcase> <!-- @AfterSuite generateReport -->
  <testcase name="@AfterSuite generateReport" time="0.0" classname="base.CommonAPI">
    <ignored/>
  </testcase> <!-- @AfterSuite generateReport -->
</testsuite> <!-- smoke testing BankOfAmerica search -->
